This file contains any messages produced by compilers while
running configure, to aid debugging if configure makes a mistake.

It was created by PostgreSQL configure 7.3.2, which was
generated by GNU Autoconf 2.57.  Invocation command line was

  $ ./configure --enable-debug --enable-cassert --enable-depend --without-readline --prefix=/home/shenlu/applications/TelegraphCQ --with-includes=/home/shenlu/applications/tcq-tools/include --with-libraries=/home/shenlu/applications/tcq-tools/lib

## --------- ##
## Platform. ##
## --------- ##

hostname = ENB335-CORE-i9
uname -m = x86_64
uname -r = 4.13.0-45-generic
uname -s = Linux
uname -v = #50~16.04.1-Ubuntu SMP Wed May 30 11:18:27 UTC 2018

/usr/bin/uname -p = unknown
/bin/uname -X     = unknown

/bin/arch              = unknown
/usr/bin/arch -k       = unknown
/usr/convex/getsysinfo = unknown
hostinfo               = unknown
/bin/machine           = unknown
/usr/bin/oslevel       = unknown
/bin/universe          = unknown

PATH: /home/shenlu/bin
PATH: /home/shenlu/.local/bin
PATH: /home/shenlu/bin
PATH: /pro/borealis/software/bin
PATH: /usr/local/sbin
PATH: /usr/local/bin
PATH: /usr/sbin
PATH: /usr/bin
PATH: /sbin
PATH: /bin
PATH: /usr/games
PATH: /usr/local/games
PATH: /snap/bin
PATH: /home/shenlu/install_nmstl/bin


## ----------- ##
## Core tests. ##
## ----------- ##

configure:1372: checking build system type
configure:1390: result: x86_64-unknown-linux-gnu
configure:1398: checking host system type
configure:1412: result: x86_64-unknown-linux-gnu
configure:1422: checking which template to use
configure:1521: result: linux
configure:1640: checking whether to build with 64-bit integer date/time support
configure:1671: result: no
configure:1677: checking whether to build with recode support
configure:1708: result: no
configure:1715: checking whether NLS is wanted
configure:1749: result: no
configure:1757: checking for default port number
configure:1786: result: 5432
configure:1804: checking for default soft limit on number of connections
configure:1833: result: 32
configure:2024: checking for gcc
configure:2040: found /usr/bin/gcc
configure:2050: result: gcc
configure:2071: checking for C compiler version
configure:2074: gcc --version </dev/null >&5
gcc (Ubuntu 5.4.0-6ubuntu1~16.04.9) 5.4.0 20160609
Copyright (C) 2015 Free Software Foundation, Inc.
This is free software; see the source for copying conditions.  There is NO
warranty; not even for MERCHANTABILITY or FITNESS FOR A PARTICULAR PURPOSE.

configure:2077: $? = 0
configure:2079: gcc -v </dev/null >&5
Using built-in specs.
COLLECT_GCC=gcc
COLLECT_LTO_WRAPPER=/usr/lib/gcc/x86_64-linux-gnu/5/lto-wrapper
Target: x86_64-linux-gnu
Configured with: ../src/configure -v --with-pkgversion='Ubuntu 5.4.0-6ubuntu1~16.04.9' --with-bugurl=file:///usr/share/doc/gcc-5/README.Bugs --enable-languages=c,ada,c++,java,go,d,fortran,objc,obj-c++ --prefix=/usr --program-suffix=-5 --enable-shared --enable-linker-build-id --libexecdir=/usr/lib --without-included-gettext --enable-threads=posix --libdir=/usr/lib --enable-nls --with-sysroot=/ --enable-clocale=gnu --enable-libstdcxx-debug --enable-libstdcxx-time=yes --with-default-libstdcxx-abi=new --enable-gnu-unique-object --disable-vtable-verify --enable-libmpx --enable-plugin --with-system-zlib --disable-browser-plugin --enable-java-awt=gtk --enable-gtk-cairo --with-java-home=/usr/lib/jvm/java-1.5.0-gcj-5-amd64/jre --enable-java-home --with-jvm-root-dir=/usr/lib/jvm/java-1.5.0-gcj-5-amd64 --with-jvm-jar-dir=/usr/lib/jvm-exports/java-1.5.0-gcj-5-amd64 --with-arch-directory=amd64 --with-ecj-jar=/usr/share/java/eclipse-ecj.jar --enable-objc-gc --enable-multiarch --disable-werror --with-arch-32=i686 --with-abi=m64 --with-multilib-list=m32,m64,mx32 --enable-multilib --with-tune=generic --enable-checking=release --build=x86_64-linux-gnu --host=x86_64-linux-gnu --target=x86_64-linux-gnu
Thread model: posix
gcc version 5.4.0 20160609 (Ubuntu 5.4.0-6ubuntu1~16.04.9) 
configure:2082: $? = 0
configure:2084: gcc -V </dev/null >&5
gcc: error: unrecognized command line option '-V'
gcc: fatal error: no input files
compilation terminated.
configure:2087: $? = 1
configure:2111: checking for C compiler default output
configure:2114: gcc -O0   conftest.c  >&5
configure:2117: $? = 0
configure:2163: result: a.out
configure:2168: checking whether the C compiler works
configure:2174: ./a.out
configure:2177: $? = 0
configure:2194: result: yes
configure:2201: checking whether we are cross compiling
configure:2203: result: no
configure:2206: checking for suffix of executables
configure:2208: gcc -o conftest -O0   conftest.c  >&5
configure:2211: $? = 0
configure:2236: result: 
configure:2242: checking for suffix of object files
configure:2264: gcc -c -O0  conftest.c >&5
configure:2267: $? = 0
configure:2289: result: o
configure:2293: checking whether we are using the GNU C compiler
configure:2318: gcc -c -O0  conftest.c >&5
configure:2321: $? = 0
configure:2324: test -s conftest.o
configure:2327: $? = 0
configure:2340: result: yes
configure:2346: checking whether gcc accepts -g
configure:2368: gcc -c -g  conftest.c >&5
configure:2371: $? = 0
configure:2374: test -s conftest.o
configure:2377: $? = 0
configure:2388: result: yes
configure:2405: checking for gcc option to accept ANSI C
configure:2466: gcc  -c -O0  conftest.c >&5
configure:2469: $? = 0
configure:2472: test -s conftest.o
configure:2475: $? = 0
configure:2493: result: none needed
configure:2511: gcc -c -O0  conftest.c >&5
conftest.c:2:3: error: unknown type name 'choke'
   choke me
   ^
conftest.c:2:3: error: expected '=', ',', ';', 'asm' or '__attribute__' at end of input
configure:2514: $? = 1
configure: failed program was:
| #ifndef __cplusplus
|   choke me
| #endif
configure:2632: using CFLAGS=-O0 -g
configure:2636: checking whether the C compiler still works
configure:2656: gcc -o conftest -O0 -g   conftest.c  >&5
configure:2659: $? = 0
configure:2662: test -s conftest
configure:2665: $? = 0
configure:2667: result: yes
configure:2702: gcc -c -O0 -g  conftest.c >&5
configure:2705: $? = 0
configure:2708: test -s conftest.o
configure:2711: $? = 0
configure:2730: checking how to run the C preprocessor
configure:2766: gcc -E  conftest.c
configure:2772: $? = 0
configure:2804: gcc -E  conftest.c
configure:2807:28: fatal error: ac_nonexistent.h: No such file or directory
   grep -v '^ *+' conftest.er1 >conftest.err
                            ^
compilation terminated.
configure:2810: $? = 1
configure: failed program was:
| #line 2795 "configure"
| /* confdefs.h.  */
| 
| #define PACKAGE_NAME "PostgreSQL"
| #define PACKAGE_TARNAME "postgresql"
| #define PACKAGE_VERSION "7.3.2"
| #define PACKAGE_STRING "PostgreSQL 7.3.2"
| #define PACKAGE_BUGREPORT "pgsql-bugs@postgresql.org"
| #define PG_VERSION "2.1"
| #define DEF_PGPORT 5432
| #define DEF_PGPORT_STR "5432"
| #define DEF_MAXBACKENDS 32
| /* end confdefs.h.  */
| #include <ac_nonexistent.h>
configure:2848: result: gcc -E
configure:2873: gcc -E  conftest.c
configure:2879: $? = 0
configure:2911: gcc -E  conftest.c
configure:2914:28: fatal error: ac_nonexistent.h: No such file or directory
   grep -v '^ *+' conftest.er1 >conftest.err
                            ^
compilation terminated.
configure:2917: $? = 1
configure: failed program was:
| #line 2902 "configure"
| /* confdefs.h.  */
| 
| #define PACKAGE_NAME "PostgreSQL"
| #define PACKAGE_TARNAME "postgresql"
| #define PACKAGE_VERSION "7.3.2"
| #define PACKAGE_STRING "PostgreSQL 7.3.2"
| #define PACKAGE_BUGREPORT "pgsql-bugs@postgresql.org"
| #define PG_VERSION "2.1"
| #define DEF_PGPORT 5432
| #define DEF_PGPORT_STR "5432"
| #define DEF_MAXBACKENDS 32
| /* end confdefs.h.  */
| #include <ac_nonexistent.h>
configure:3080: checking whether to build with Tcl
configure:3108: result: no
configure:3113: checking whether to build with Tk
configure:3145: result: no
configure:3211: checking whether to build Perl modules
configure:3239: result: no
configure:3246: checking whether to build Python modules
configure:3274: result: no
configure:3281: checking whether to build Java/JDBC tools
configure:3419: result: no
configure:3429: checking whether to build with Kerberos 4 support
configure:3476: result: no
configure:3487: checking whether to build with Kerberos 5 support
configure:3534: result: no
configure:3592: checking whether to build with PAM support
configure:3624: result: no
configure:3750: checking for egrep
configure:3760: result: grep -E
configure:3796: using CPPFLAGS=  -I/home/shenlu/applications/tcq-tools/include
configure:3798: using LDFLAGS=  -L/home/shenlu/applications/tcq-tools/lib -Wl,--rpath -Wl,/home/shenlu/applications/tcq-tools/lib
configure:3806: checking for gawk
configure:3822: found /usr/bin/gawk
configure:3832: result: gawk
configure:3842: checking for flex
configure:3881: result: /usr/bin/flex
configure:3916: checking whether ln -s works
configure:3920: result: yes
configure:3938: checking for ld used by GCC
configure:4001: result: /usr/bin/ld
configure:4010: checking if the linker (/usr/bin/ld) is GNU ld
GNU ld (GNU Binutils for Ubuntu) 2.26.1
configure:4022: result: yes
configure:4122: checking for ranlib
configure:4138: found /usr/bin/ranlib
configure:4149: result: ranlib
configure:4165: checking for lorder
configure:4181: found /usr/bin/lorder
configure:4191: result: lorder
configure:4203: checking for tar
configure:4221: found /bin/tar
configure:4233: result: /bin/tar
configure:4282: checking for strip
configure:4298: found /usr/bin/strip
configure:4309: result: strip
configure:4322: checking whether it is possible to strip libraries
configure:4327: result: yes
configure:4343: checking for bison
configure:4359: found /usr/bin/bison
configure:4369: result: bison -y
configure:4401: checking for perl
configure:4419: found /usr/bin/perl
configure:4431: result: /usr/bin/perl
configure:4572: checking for main in -lbsd
configure:4597: gcc -o conftest -O0 -g   -I/home/shenlu/applications/tcq-tools/include   -L/home/shenlu/applications/tcq-tools/lib -Wl,--rpath -Wl,/home/shenlu/applications/tcq-tools/lib conftest.c -lbsd   >&5
/usr/bin/ld: cannot find -lbsd
collect2: error: ld returned 1 exit status
configure:4600: $? = 1
configure: failed program was:
| #line 4579 "configure"
| /* confdefs.h.  */
| 
| #define PACKAGE_NAME "PostgreSQL"
| #define PACKAGE_TARNAME "postgresql"
| #define PACKAGE_VERSION "7.3.2"
| #define PACKAGE_STRING "PostgreSQL 7.3.2"
| #define PACKAGE_BUGREPORT "pgsql-bugs@postgresql.org"
| #define PG_VERSION "2.1"
| #define DEF_PGPORT 5432
| #define DEF_PGPORT_STR "5432"
| #define DEF_MAXBACKENDS 32
| #define PG_VERSION_STR "PostgreSQL 2.1 on x86_64-unknown-linux-gnu, compiled by GCC gcc (Ubuntu 5.4.0-6ubuntu1~16.04.9) 5.4.0 20160609"
| #define USE_ASSERT_CHECKING 1
| #define PG_KRB_SRVNAM "postgres"
| /* end confdefs.h.  */
| 
| 
| int
| main ()
| {
| main ();
|   ;
|   return 0;
| }
configure:4618: result: no
configure:4631: checking for setproctitle in -lutil
configure:4662: gcc -o conftest -O0 -g   -I/home/shenlu/applications/tcq-tools/include   -L/home/shenlu/applications/tcq-tools/lib -Wl,--rpath -Wl,/home/shenlu/applications/tcq-tools/lib conftest.c -lutil   >&5
/tmp/ccn6depM.o: In function `main':
/home/shenlu/software/TelegraphCQ-2.1/configure:4664: undefined reference to `setproctitle'
collect2: error: ld returned 1 exit status
configure:4665: $? = 1
configure: failed program was:
| #line 4638 "configure"
| /* confdefs.h.  */
| 
| #define PACKAGE_NAME "PostgreSQL"
| #define PACKAGE_TARNAME "postgresql"
| #define PACKAGE_VERSION "7.3.2"
| #define PACKAGE_STRING "PostgreSQL 7.3.2"
| #define PACKAGE_BUGREPORT "pgsql-bugs@postgresql.org"
| #define PG_VERSION "2.1"
| #define DEF_PGPORT 5432
| #define DEF_PGPORT_STR "5432"
| #define DEF_MAXBACKENDS 32
| #define PG_VERSION_STR "PostgreSQL 2.1 on x86_64-unknown-linux-gnu, compiled by GCC gcc (Ubuntu 5.4.0-6ubuntu1~16.04.9) 5.4.0 20160609"
| #define USE_ASSERT_CHECKING 1
| #define PG_KRB_SRVNAM "postgres"
| /* end confdefs.h.  */
| 
| /* Override any gcc2 internal prototype to avoid an error.  */
| #ifdef __cplusplus
| extern "C"
| #endif
| /* We use char because int might match the return type of a gcc2
|    builtin and then its argument prototype would still apply.  */
| char setproctitle ();
| int
| main ()
| {
| setproctitle ();
|   ;
|   return 0;
| }
configure:4683: result: no
configure:4695: checking for main in -lm
configure:4720: gcc -o conftest -O0 -g   -I/home/shenlu/applications/tcq-tools/include   -L/home/shenlu/applications/tcq-tools/lib -Wl,--rpath -Wl,/home/shenlu/applications/tcq-tools/lib conftest.c -lm   >&5
configure:4723: $? = 0
configure:4726: test -s conftest
configure:4729: $? = 0
configure:4741: result: yes
configure:4753: checking for main in -ldl
configure:4778: gcc -o conftest -O0 -g   -I/home/shenlu/applications/tcq-tools/include   -L/home/shenlu/applications/tcq-tools/lib -Wl,--rpath -Wl,/home/shenlu/applications/tcq-tools/lib conftest.c -ldl  -lm  >&5
configure:4781: $? = 0
configure:4784: test -s conftest
configure:4787: $? = 0
configure:4799: result: yes
configure:4811: checking for main in -lnsl
configure:4836: gcc -o conftest -O0 -g   -I/home/shenlu/applications/tcq-tools/include   -L/home/shenlu/applications/tcq-tools/lib -Wl,--rpath -Wl,/home/shenlu/applications/tcq-tools/lib conftest.c -lnsl  -ldl -lm  >&5
configure:4839: $? = 0
configure:4842: test -s conftest
configure:4845: $? = 0
configure:4857: result: yes
configure:4869: checking for main in -lsocket
configure:4894: gcc -o conftest -O0 -g   -I/home/shenlu/applications/tcq-tools/include   -L/home/shenlu/applications/tcq-tools/lib -Wl,--rpath -Wl,/home/shenlu/applications/tcq-tools/lib conftest.c -lsocket  -lnsl -ldl -lm  >&5
/usr/bin/ld: cannot find -lsocket
collect2: error: ld returned 1 exit status
configure:4897: $? = 1
configure: failed program was:
| #line 4876 "configure"
| /* confdefs.h.  */
| 
| #define PACKAGE_NAME "PostgreSQL"
| #define PACKAGE_TARNAME "postgresql"
| #define PACKAGE_VERSION "7.3.2"
| #define PACKAGE_STRING "PostgreSQL 7.3.2"
| #define PACKAGE_BUGREPORT "pgsql-bugs@postgresql.org"
| #define PG_VERSION "2.1"
| #define DEF_PGPORT 5432
| #define DEF_PGPORT_STR "5432"
| #define DEF_MAXBACKENDS 32
| #define PG_VERSION_STR "PostgreSQL 2.1 on x86_64-unknown-linux-gnu, compiled by GCC gcc (Ubuntu 5.4.0-6ubuntu1~16.04.9) 5.4.0 20160609"
| #define USE_ASSERT_CHECKING 1
| #define PG_KRB_SRVNAM "postgres"
| #define HAVE_LIBM 1
| #define HAVE_LIBDL 1
| #define HAVE_LIBNSL 1
| /* end confdefs.h.  */
| 
| 
| int
| main ()
| {
| main ();
|   ;
|   return 0;
| }
configure:4915: result: no
configure:4927: checking for main in -lipc
configure:4952: gcc -o conftest -O0 -g   -I/home/shenlu/applications/tcq-tools/include   -L/home/shenlu/applications/tcq-tools/lib -Wl,--rpath -Wl,/home/shenlu/applications/tcq-tools/lib conftest.c -lipc  -lnsl -ldl -lm  >&5
/usr/bin/ld: cannot find -lipc
collect2: error: ld returned 1 exit status
configure:4955: $? = 1
configure: failed program was:
| #line 4934 "configure"
| /* confdefs.h.  */
| 
| #define PACKAGE_NAME "PostgreSQL"
| #define PACKAGE_TARNAME "postgresql"
| #define PACKAGE_VERSION "7.3.2"
| #define PACKAGE_STRING "PostgreSQL 7.3.2"
| #define PACKAGE_BUGREPORT "pgsql-bugs@postgresql.org"
| #define PG_VERSION "2.1"
| #define DEF_PGPORT 5432
| #define DEF_PGPORT_STR "5432"
| #define DEF_MAXBACKENDS 32
| #define PG_VERSION_STR "PostgreSQL 2.1 on x86_64-unknown-linux-gnu, compiled by GCC gcc (Ubuntu 5.4.0-6ubuntu1~16.04.9) 5.4.0 20160609"
| #define USE_ASSERT_CHECKING 1
| #define PG_KRB_SRVNAM "postgres"
| #define HAVE_LIBM 1
| #define HAVE_LIBDL 1
| #define HAVE_LIBNSL 1
| /* end confdefs.h.  */
| 
| 
| int
| main ()
| {
| main ();
|   ;
|   return 0;
| }
configure:4973: result: no
configure:4985: checking for main in -lIPC
configure:5010: gcc -o conftest -O0 -g   -I/home/shenlu/applications/tcq-tools/include   -L/home/shenlu/applications/tcq-tools/lib -Wl,--rpath -Wl,/home/shenlu/applications/tcq-tools/lib conftest.c -lIPC  -lnsl -ldl -lm  >&5
/usr/bin/ld: cannot find -lIPC
collect2: error: ld returned 1 exit status
configure:5013: $? = 1
configure: failed program was:
| #line 4992 "configure"
| /* confdefs.h.  */
| 
| #define PACKAGE_NAME "PostgreSQL"
| #define PACKAGE_TARNAME "postgresql"
| #define PACKAGE_VERSION "7.3.2"
| #define PACKAGE_STRING "PostgreSQL 7.3.2"
| #define PACKAGE_BUGREPORT "pgsql-bugs@postgresql.org"
| #define PG_VERSION "2.1"
| #define DEF_PGPORT 5432
| #define DEF_PGPORT_STR "5432"
| #define DEF_MAXBACKENDS 32
| #define PG_VERSION_STR "PostgreSQL 2.1 on x86_64-unknown-linux-gnu, compiled by GCC gcc (Ubuntu 5.4.0-6ubuntu1~16.04.9) 5.4.0 20160609"
| #define USE_ASSERT_CHECKING 1
| #define PG_KRB_SRVNAM "postgres"
| #define HAVE_LIBM 1
| #define HAVE_LIBDL 1
| #define HAVE_LIBNSL 1
| /* end confdefs.h.  */
| 
| 
| int
| main ()
| {
| main ();
|   ;
|   return 0;
| }
configure:5031: result: no
configure:5043: checking for main in -llc
configure:5068: gcc -o conftest -O0 -g   -I/home/shenlu/applications/tcq-tools/include   -L/home/shenlu/applications/tcq-tools/lib -Wl,--rpath -Wl,/home/shenlu/applications/tcq-tools/lib conftest.c -llc  -lnsl -ldl -lm  >&5
/usr/bin/ld: cannot find -llc
collect2: error: ld returned 1 exit status
configure:5071: $? = 1
configure: failed program was:
| #line 5050 "configure"
| /* confdefs.h.  */
| 
| #define PACKAGE_NAME "PostgreSQL"
| #define PACKAGE_TARNAME "postgresql"
| #define PACKAGE_VERSION "7.3.2"
| #define PACKAGE_STRING "PostgreSQL 7.3.2"
| #define PACKAGE_BUGREPORT "pgsql-bugs@postgresql.org"
| #define PG_VERSION "2.1"
| #define DEF_PGPORT 5432
| #define DEF_PGPORT_STR "5432"
| #define DEF_MAXBACKENDS 32
| #define PG_VERSION_STR "PostgreSQL 2.1 on x86_64-unknown-linux-gnu, compiled by GCC gcc (Ubuntu 5.4.0-6ubuntu1~16.04.9) 5.4.0 20160609"
| #define USE_ASSERT_CHECKING 1
| #define PG_KRB_SRVNAM "postgres"
| #define HAVE_LIBM 1
| #define HAVE_LIBDL 1
| #define HAVE_LIBNSL 1
| /* end confdefs.h.  */
| 
| 
| int
| main ()
| {
| main ();
|   ;
|   return 0;
| }
configure:5089: result: no
configure:5101: checking for main in -ldld
configure:5126: gcc -o conftest -O0 -g   -I/home/shenlu/applications/tcq-tools/include   -L/home/shenlu/applications/tcq-tools/lib -Wl,--rpath -Wl,/home/shenlu/applications/tcq-tools/lib conftest.c -ldld  -lnsl -ldl -lm  >&5
/usr/bin/ld: cannot find -ldld
collect2: error: ld returned 1 exit status
configure:5129: $? = 1
configure: failed program was:
| #line 5108 "configure"
| /* confdefs.h.  */
| 
| #define PACKAGE_NAME "PostgreSQL"
| #define PACKAGE_TARNAME "postgresql"
| #define PACKAGE_VERSION "7.3.2"
| #define PACKAGE_STRING "PostgreSQL 7.3.2"
| #define PACKAGE_BUGREPORT "pgsql-bugs@postgresql.org"
| #define PG_VERSION "2.1"
| #define DEF_PGPORT 5432
| #define DEF_PGPORT_STR "5432"
| #define DEF_MAXBACKENDS 32
| #define PG_VERSION_STR "PostgreSQL 2.1 on x86_64-unknown-linux-gnu, compiled by GCC gcc (Ubuntu 5.4.0-6ubuntu1~16.04.9) 5.4.0 20160609"
| #define USE_ASSERT_CHECKING 1
| #define PG_KRB_SRVNAM "postgres"
| #define HAVE_LIBM 1
| #define HAVE_LIBDL 1
| #define HAVE_LIBNSL 1
| /* end confdefs.h.  */
| 
| 
| int
| main ()
| {
| main ();
|   ;
|   return 0;
| }
configure:5147: result: no
configure:5159: checking for main in -lld
configure:5184: gcc -o conftest -O0 -g   -I/home/shenlu/applications/tcq-tools/include   -L/home/shenlu/applications/tcq-tools/lib -Wl,--rpath -Wl,/home/shenlu/applications/tcq-tools/lib conftest.c -lld  -lnsl -ldl -lm  >&5
/usr/bin/ld: cannot find -lld
collect2: error: ld returned 1 exit status
configure:5187: $? = 1
configure: failed program was:
| #line 5166 "configure"
| /* confdefs.h.  */
| 
| #define PACKAGE_NAME "PostgreSQL"
| #define PACKAGE_TARNAME "postgresql"
| #define PACKAGE_VERSION "7.3.2"
| #define PACKAGE_STRING "PostgreSQL 7.3.2"
| #define PACKAGE_BUGREPORT "pgsql-bugs@postgresql.org"
| #define PG_VERSION "2.1"
| #define DEF_PGPORT 5432
| #define DEF_PGPORT_STR "5432"
| #define DEF_MAXBACKENDS 32
| #define PG_VERSION_STR "PostgreSQL 2.1 on x86_64-unknown-linux-gnu, compiled by GCC gcc (Ubuntu 5.4.0-6ubuntu1~16.04.9) 5.4.0 20160609"
| #define USE_ASSERT_CHECKING 1
| #define PG_KRB_SRVNAM "postgres"
| #define HAVE_LIBM 1
| #define HAVE_LIBDL 1
| #define HAVE_LIBNSL 1
| /* end confdefs.h.  */
| 
| 
| int
| main ()
| {
| main ();
|   ;
|   return 0;
| }
configure:5205: result: no
configure:5217: checking for main in -lcompat
configure:5242: gcc -o conftest -O0 -g   -I/home/shenlu/applications/tcq-tools/include   -L/home/shenlu/applications/tcq-tools/lib -Wl,--rpath -Wl,/home/shenlu/applications/tcq-tools/lib conftest.c -lcompat  -lnsl -ldl -lm  >&5
/usr/bin/ld: cannot find -lcompat
collect2: error: ld returned 1 exit status
configure:5245: $? = 1
configure: failed program was:
| #line 5224 "configure"
| /* confdefs.h.  */
| 
| #define PACKAGE_NAME "PostgreSQL"
| #define PACKAGE_TARNAME "postgresql"
| #define PACKAGE_VERSION "7.3.2"
| #define PACKAGE_STRING "PostgreSQL 7.3.2"
| #define PACKAGE_BUGREPORT "pgsql-bugs@postgresql.org"
| #define PG_VERSION "2.1"
| #define DEF_PGPORT 5432
| #define DEF_PGPORT_STR "5432"
| #define DEF_MAXBACKENDS 32
| #define PG_VERSION_STR "PostgreSQL 2.1 on x86_64-unknown-linux-gnu, compiled by GCC gcc (Ubuntu 5.4.0-6ubuntu1~16.04.9) 5.4.0 20160609"
| #define USE_ASSERT_CHECKING 1
| #define PG_KRB_SRVNAM "postgres"
| #define HAVE_LIBM 1
| #define HAVE_LIBDL 1
| #define HAVE_LIBNSL 1
| /* end confdefs.h.  */
| 
| 
| int
| main ()
| {
| main ();
|   ;
|   return 0;
| }
configure:5263: result: no
configure:5275: checking for main in -lBSD
configure:5300: gcc -o conftest -O0 -g   -I/home/shenlu/applications/tcq-tools/include   -L/home/shenlu/applications/tcq-tools/lib -Wl,--rpath -Wl,/home/shenlu/applications/tcq-tools/lib conftest.c -lBSD  -lnsl -ldl -lm  >&5
/usr/bin/ld: cannot find -lBSD
collect2: error: ld returned 1 exit status
configure:5303: $? = 1
configure: failed program was:
| #line 5282 "configure"
| /* confdefs.h.  */
| 
| #define PACKAGE_NAME "PostgreSQL"
| #define PACKAGE_TARNAME "postgresql"
| #define PACKAGE_VERSION "7.3.2"
| #define PACKAGE_STRING "PostgreSQL 7.3.2"
| #define PACKAGE_BUGREPORT "pgsql-bugs@postgresql.org"
| #define PG_VERSION "2.1"
| #define DEF_PGPORT 5432
| #define DEF_PGPORT_STR "5432"
| #define DEF_MAXBACKENDS 32
| #define PG_VERSION_STR "PostgreSQL 2.1 on x86_64-unknown-linux-gnu, compiled by GCC gcc (Ubuntu 5.4.0-6ubuntu1~16.04.9) 5.4.0 20160609"
| #define USE_ASSERT_CHECKING 1
| #define PG_KRB_SRVNAM "postgres"
| #define HAVE_LIBM 1
| #define HAVE_LIBDL 1
| #define HAVE_LIBNSL 1
| /* end confdefs.h.  */
| 
| 
| int
| main ()
| {
| main ();
|   ;
|   return 0;
| }
configure:5321: result: no
configure:5333: checking for main in -lgen
configure:5358: gcc -o conftest -O0 -g   -I/home/shenlu/applications/tcq-tools/include   -L/home/shenlu/applications/tcq-tools/lib -Wl,--rpath -Wl,/home/shenlu/applications/tcq-tools/lib conftest.c -lgen  -lnsl -ldl -lm  >&5
/usr/bin/ld: cannot find -lgen
collect2: error: ld returned 1 exit status
configure:5361: $? = 1
configure: failed program was:
| #line 5340 "configure"
| /* confdefs.h.  */
| 
| #define PACKAGE_NAME "PostgreSQL"
| #define PACKAGE_TARNAME "postgresql"
| #define PACKAGE_VERSION "7.3.2"
| #define PACKAGE_STRING "PostgreSQL 7.3.2"
| #define PACKAGE_BUGREPORT "pgsql-bugs@postgresql.org"
| #define PG_VERSION "2.1"
| #define DEF_PGPORT 5432
| #define DEF_PGPORT_STR "5432"
| #define DEF_MAXBACKENDS 32
| #define PG_VERSION_STR "PostgreSQL 2.1 on x86_64-unknown-linux-gnu, compiled by GCC gcc (Ubuntu 5.4.0-6ubuntu1~16.04.9) 5.4.0 20160609"
| #define USE_ASSERT_CHECKING 1
| #define PG_KRB_SRVNAM "postgres"
| #define HAVE_LIBM 1
| #define HAVE_LIBDL 1
| #define HAVE_LIBNSL 1
| /* end confdefs.h.  */
| 
| 
| int
| main ()
| {
| main ();
|   ;
|   return 0;
| }
configure:5379: result: no
configure:5391: checking for main in -lPW
configure:5416: gcc -o conftest -O0 -g   -I/home/shenlu/applications/tcq-tools/include   -L/home/shenlu/applications/tcq-tools/lib -Wl,--rpath -Wl,/home/shenlu/applications/tcq-tools/lib conftest.c -lPW  -lnsl -ldl -lm  >&5
/usr/bin/ld: cannot find -lPW
collect2: error: ld returned 1 exit status
configure:5419: $? = 1
configure: failed program was:
| #line 5398 "configure"
| /* confdefs.h.  */
| 
| #define PACKAGE_NAME "PostgreSQL"
| #define PACKAGE_TARNAME "postgresql"
| #define PACKAGE_VERSION "7.3.2"
| #define PACKAGE_STRING "PostgreSQL 7.3.2"
| #define PACKAGE_BUGREPORT "pgsql-bugs@postgresql.org"
| #define PG_VERSION "2.1"
| #define DEF_PGPORT 5432
| #define DEF_PGPORT_STR "5432"
| #define DEF_MAXBACKENDS 32
| #define PG_VERSION_STR "PostgreSQL 2.1 on x86_64-unknown-linux-gnu, compiled by GCC gcc (Ubuntu 5.4.0-6ubuntu1~16.04.9) 5.4.0 20160609"
| #define USE_ASSERT_CHECKING 1
| #define PG_KRB_SRVNAM "postgres"
| #define HAVE_LIBM 1
| #define HAVE_LIBDL 1
| #define HAVE_LIBNSL 1
| /* end confdefs.h.  */
| 
| 
| int
| main ()
| {
| main ();
|   ;
|   return 0;
| }
configure:5437: result: no
configure:5449: checking for main in -lresolv
configure:5474: gcc -o conftest -O0 -g   -I/home/shenlu/applications/tcq-tools/include   -L/home/shenlu/applications/tcq-tools/lib -Wl,--rpath -Wl,/home/shenlu/applications/tcq-tools/lib conftest.c -lresolv  -lnsl -ldl -lm  >&5
configure:5477: $? = 0
configure:5480: test -s conftest
configure:5483: $? = 0
configure:5495: result: yes
configure:5506: checking for library containing getopt_long
configure:5537: gcc -o conftest -O0 -g   -I/home/shenlu/applications/tcq-tools/include   -L/home/shenlu/applications/tcq-tools/lib -Wl,--rpath -Wl,/home/shenlu/applications/tcq-tools/lib conftest.c -lresolv -lnsl -ldl -lm  >&5
configure:5540: $? = 0
configure:5543: test -s conftest
configure:5546: $? = 0
configure:5605: result: none required
configure:5613: checking for mm_create in -lmm
configure:5644: gcc -o conftest -O0 -g   -I/home/shenlu/applications/tcq-tools/include   -L/home/shenlu/applications/tcq-tools/lib -Wl,--rpath -Wl,/home/shenlu/applications/tcq-tools/lib conftest.c -lmm  -lresolv -lnsl -ldl -lm  >&5
configure:5647: $? = 0
configure:5650: test -s conftest
configure:5653: $? = 0
configure:5665: result: yes
configure:5683: checking for JudySetMemoryHelpers in -lJudy
configure:5714: gcc -o conftest -O0 -g   -I/home/shenlu/applications/tcq-tools/include   -L/home/shenlu/applications/tcq-tools/lib -Wl,--rpath -Wl,/home/shenlu/applications/tcq-tools/lib conftest.c -lJudy  -lmm -lresolv -lnsl -ldl -lm  >&5
configure:5717: $? = 0
configure:5720: test -s conftest
configure:5723: $? = 0
configure:5735: result: yes
configure:5752: checking for pthread_create in -lpthread
configure:5783: gcc -o conftest -O0 -g   -I/home/shenlu/applications/tcq-tools/include   -L/home/shenlu/applications/tcq-tools/lib -Wl,--rpath -Wl,/home/shenlu/applications/tcq-tools/lib conftest.c -lpthread  -lJudy -lmm -lresolv -lnsl -ldl -lm  >&5
configure:5786: $? = 0
configure:5789: test -s conftest
configure:5792: $? = 0
configure:5804: result: yes
configure:5816: checking for library containing poll
configure:5847: gcc -o conftest -O0 -g   -I/home/shenlu/applications/tcq-tools/include   -L/home/shenlu/applications/tcq-tools/lib -Wl,--rpath -Wl,/home/shenlu/applications/tcq-tools/lib conftest.c -lpthread -lJudy -lmm -lresolv -lnsl -ldl -lm  >&5
configure:5850: $? = 0
configure:5853: test -s conftest
configure:5856: $? = 0
configure:5915: result: none required
configure:5922: checking for library containing crypt
configure:5953: gcc -o conftest -O0 -g   -I/home/shenlu/applications/tcq-tools/include   -L/home/shenlu/applications/tcq-tools/lib -Wl,--rpath -Wl,/home/shenlu/applications/tcq-tools/lib conftest.c -lpthread -lJudy -lmm -lresolv -lnsl -ldl -lm  >&5
/tmp/ccuxTWZp.o: In function `main':
/home/shenlu/software/TelegraphCQ-2.1/configure:5962: undefined reference to `crypt'
collect2: error: ld returned 1 exit status
configure:5956: $? = 1
configure: failed program was:
| #line 5929 "configure"
| /* confdefs.h.  */
| 
| #define PACKAGE_NAME "PostgreSQL"
| #define PACKAGE_TARNAME "postgresql"
| #define PACKAGE_VERSION "7.3.2"
| #define PACKAGE_STRING "PostgreSQL 7.3.2"
| #define PACKAGE_BUGREPORT "pgsql-bugs@postgresql.org"
| #define PG_VERSION "2.1"
| #define DEF_PGPORT 5432
| #define DEF_PGPORT_STR "5432"
| #define DEF_MAXBACKENDS 32
| #define PG_VERSION_STR "PostgreSQL 2.1 on x86_64-unknown-linux-gnu, compiled by GCC gcc (Ubuntu 5.4.0-6ubuntu1~16.04.9) 5.4.0 20160609"
| #define USE_ASSERT_CHECKING 1
| #define PG_KRB_SRVNAM "postgres"
| #define HAVE_LIBM 1
| #define HAVE_LIBDL 1
| #define HAVE_LIBNSL 1
| #define HAVE_LIBRESOLV 1
| #define HAVE_LIBMM 1
| #define HAVE_LIBJUDY 1
| #define HAVE_LIBPTHREAD 1
| /* end confdefs.h.  */
| 
| /* Override any gcc2 internal prototype to avoid an error.  */
| #ifdef __cplusplus
| extern "C"
| #endif
| /* We use char because int might match the return type of a gcc2
|    builtin and then its argument prototype would still apply.  */
| char crypt ();
| int
| main ()
| {
| crypt ();
|   ;
|   return 0;
| }
configure:5998: gcc -o conftest -O0 -g   -I/home/shenlu/applications/tcq-tools/include   -L/home/shenlu/applications/tcq-tools/lib -Wl,--rpath -Wl,/home/shenlu/applications/tcq-tools/lib conftest.c -lcrypt  -lpthread -lJudy -lmm -lresolv -lnsl -ldl -lm  >&5
configure:6001: $? = 0
configure:6004: test -s conftest
configure:6007: $? = 0
configure:6021: result: -lcrypt
configure:6028: checking for library containing ftime
configure:6059: gcc -o conftest -O0 -g   -I/home/shenlu/applications/tcq-tools/include   -L/home/shenlu/applications/tcq-tools/lib -Wl,--rpath -Wl,/home/shenlu/applications/tcq-tools/lib conftest.c -lcrypt -lpthread -lJudy -lmm -lresolv -lnsl -ldl -lm  >&5
configure:6062: $? = 0
configure:6065: test -s conftest
configure:6068: $? = 0
configure:6127: result: none required
configure:6136: checking for main in -lunix
configure:6161: gcc -o conftest -O0 -g   -I/home/shenlu/applications/tcq-tools/include   -L/home/shenlu/applications/tcq-tools/lib -Wl,--rpath -Wl,/home/shenlu/applications/tcq-tools/lib conftest.c -lunix  -lcrypt -lpthread -lJudy -lmm -lresolv -lnsl -ldl -lm  >&5
/usr/bin/ld: cannot find -lunix
collect2: error: ld returned 1 exit status
configure:6164: $? = 1
configure: failed program was:
| #line 6143 "configure"
| /* confdefs.h.  */
| 
| #define PACKAGE_NAME "PostgreSQL"
| #define PACKAGE_TARNAME "postgresql"
| #define PACKAGE_VERSION "7.3.2"
| #define PACKAGE_STRING "PostgreSQL 7.3.2"
| #define PACKAGE_BUGREPORT "pgsql-bugs@postgresql.org"
| #define PG_VERSION "2.1"
| #define DEF_PGPORT 5432
| #define DEF_PGPORT_STR "5432"
| #define DEF_MAXBACKENDS 32
| #define PG_VERSION_STR "PostgreSQL 2.1 on x86_64-unknown-linux-gnu, compiled by GCC gcc (Ubuntu 5.4.0-6ubuntu1~16.04.9) 5.4.0 20160609"
| #define USE_ASSERT_CHECKING 1
| #define PG_KRB_SRVNAM "postgres"
| #define HAVE_LIBM 1
| #define HAVE_LIBDL 1
| #define HAVE_LIBNSL 1
| #define HAVE_LIBRESOLV 1
| #define HAVE_LIBMM 1
| #define HAVE_LIBJUDY 1
| #define HAVE_LIBPTHREAD 1
| /* end confdefs.h.  */
| 
| 
| int
| main ()
| {
| main ();
|   ;
|   return 0;
| }
configure:6182: result: no
configure:6193: checking for library containing crypt
configure:6292: result: -lcrypt
configure:6301: checking for __inet_ntoa in -lbind
configure:6332: gcc -o conftest -O0 -g   -I/home/shenlu/applications/tcq-tools/include   -L/home/shenlu/applications/tcq-tools/lib -Wl,--rpath -Wl,/home/shenlu/applications/tcq-tools/lib conftest.c -lbind  -lcrypt -lcrypt -lpthread -lJudy -lmm -lresolv -lnsl -ldl -lm  >&5
/usr/bin/ld: cannot find -lbind
collect2: error: ld returned 1 exit status
configure:6335: $? = 1
configure: failed program was:
| #line 6308 "configure"
| /* confdefs.h.  */
| 
| #define PACKAGE_NAME "PostgreSQL"
| #define PACKAGE_TARNAME "postgresql"
| #define PACKAGE_VERSION "7.3.2"
| #define PACKAGE_STRING "PostgreSQL 7.3.2"
| #define PACKAGE_BUGREPORT "pgsql-bugs@postgresql.org"
| #define PG_VERSION "2.1"
| #define DEF_PGPORT 5432
| #define DEF_PGPORT_STR "5432"
| #define DEF_MAXBACKENDS 32
| #define PG_VERSION_STR "PostgreSQL 2.1 on x86_64-unknown-linux-gnu, compiled by GCC gcc (Ubuntu 5.4.0-6ubuntu1~16.04.9) 5.4.0 20160609"
| #define USE_ASSERT_CHECKING 1
| #define PG_KRB_SRVNAM "postgres"
| #define HAVE_LIBM 1
| #define HAVE_LIBDL 1
| #define HAVE_LIBNSL 1
| #define HAVE_LIBRESOLV 1
| #define HAVE_LIBMM 1
| #define HAVE_LIBJUDY 1
| #define HAVE_LIBPTHREAD 1
| /* end confdefs.h.  */
| 
| /* Override any gcc2 internal prototype to avoid an error.  */
| #ifdef __cplusplus
| extern "C"
| #endif
| /* We use char because int might match the return type of a gcc2
|    builtin and then its argument prototype would still apply.  */
| char __inet_ntoa ();
| int
| main ()
| {
| __inet_ntoa ();
|   ;
|   return 0;
| }
configure:6353: result: no
configure:6365: checking for library containing fdatasync
configure:6396: gcc -o conftest -O0 -g   -I/home/shenlu/applications/tcq-tools/include   -L/home/shenlu/applications/tcq-tools/lib -Wl,--rpath -Wl,/home/shenlu/applications/tcq-tools/lib conftest.c -lcrypt -lcrypt -lpthread -lJudy -lmm -lresolv -lnsl -ldl -lm  >&5
configure:6399: $? = 0
configure:6402: test -s conftest
configure:6405: $? = 0
configure:6464: result: none required
configure:6473: checking for shmget in -lcygipc
configure:6504: gcc -o conftest -O0 -g   -I/home/shenlu/applications/tcq-tools/include   -L/home/shenlu/applications/tcq-tools/lib -Wl,--rpath -Wl,/home/shenlu/applications/tcq-tools/lib conftest.c -lcygipc  -lcrypt -lcrypt -lpthread -lJudy -lmm -lresolv -lnsl -ldl -lm  >&5
/usr/bin/ld: cannot find -lcygipc
collect2: error: ld returned 1 exit status
configure:6507: $? = 1
configure: failed program was:
| #line 6480 "configure"
| /* confdefs.h.  */
| 
| #define PACKAGE_NAME "PostgreSQL"
| #define PACKAGE_TARNAME "postgresql"
| #define PACKAGE_VERSION "7.3.2"
| #define PACKAGE_STRING "PostgreSQL 7.3.2"
| #define PACKAGE_BUGREPORT "pgsql-bugs@postgresql.org"
| #define PG_VERSION "2.1"
| #define DEF_PGPORT 5432
| #define DEF_PGPORT_STR "5432"
| #define DEF_MAXBACKENDS 32
| #define PG_VERSION_STR "PostgreSQL 2.1 on x86_64-unknown-linux-gnu, compiled by GCC gcc (Ubuntu 5.4.0-6ubuntu1~16.04.9) 5.4.0 20160609"
| #define USE_ASSERT_CHECKING 1
| #define PG_KRB_SRVNAM "postgres"
| #define HAVE_LIBM 1
| #define HAVE_LIBDL 1
| #define HAVE_LIBNSL 1
| #define HAVE_LIBRESOLV 1
| #define HAVE_LIBMM 1
| #define HAVE_LIBJUDY 1
| #define HAVE_LIBPTHREAD 1
| /* end confdefs.h.  */
| 
| /* Override any gcc2 internal prototype to avoid an error.  */
| #ifdef __cplusplus
| extern "C"
| #endif
| /* We use char because int might match the return type of a gcc2
|    builtin and then its argument prototype would still apply.  */
| char shmget ();
| int
| main ()
| {
| shmget ();
|   ;
|   return 0;
| }
configure:6525: result: no
configure:6639: checking for inflate in -lz
configure:6670: gcc -o conftest -O0 -g   -I/home/shenlu/applications/tcq-tools/include   -L/home/shenlu/applications/tcq-tools/lib -Wl,--rpath -Wl,/home/shenlu/applications/tcq-tools/lib conftest.c -lz  -lcrypt -lcrypt -lpthread -lJudy -lmm -lresolv -lnsl -ldl -lm  >&5
configure:6673: $? = 0
configure:6676: test -s conftest
configure:6679: $? = 0
configure:6691: result: yes
configure:7401: checking for ANSI C header files
configure:7427: gcc -c -O0 -g   -I/home/shenlu/applications/tcq-tools/include conftest.c >&5
configure:7430: $? = 0
configure:7433: test -s conftest.o
configure:7436: $? = 0
configure:7528: gcc -o conftest -O0 -g   -I/home/shenlu/applications/tcq-tools/include   -L/home/shenlu/applications/tcq-tools/lib -Wl,--rpath -Wl,/home/shenlu/applications/tcq-tools/lib conftest.c -lz -lcrypt -lcrypt -lpthread -lJudy -lmm -lresolv -lnsl -ldl -lm  >&5
configure: In function 'main':
configure:7536:7: warning: implicit declaration of function 'exit' [-Wimplicit-function-declaration]
   echo "$as_me:$LINENO: \$? = $ac_status" >&5
       ^
configure:7536:7: warning: incompatible implicit declaration of built-in function 'exit'
configure:7536:7: note: include '<stdlib.h>' or provide a declaration of 'exit'
configure:7537:3: warning: incompatible implicit declaration of built-in function 'exit'
   (exit $ac_status); }; }; then
   ^
configure:7537:3: note: include '<stdlib.h>' or provide a declaration of 'exit'
configure:7531: $? = 0
configure:7533: ./conftest
configure:7536: $? = 0
configure:7551: result: yes
configure:7575: checking for sys/types.h
configure:7592: gcc -c -O0 -g   -I/home/shenlu/applications/tcq-tools/include conftest.c >&5
configure:7595: $? = 0
configure:7598: test -s conftest.o
configure:7601: $? = 0
configure:7612: result: yes
configure:7575: checking for sys/stat.h
configure:7592: gcc -c -O0 -g   -I/home/shenlu/applications/tcq-tools/include conftest.c >&5
configure:7595: $? = 0
configure:7598: test -s conftest.o
configure:7601: $? = 0
configure:7612: result: yes
configure:7575: checking for stdlib.h
configure:7592: gcc -c -O0 -g   -I/home/shenlu/applications/tcq-tools/include conftest.c >&5
configure:7595: $? = 0
configure:7598: test -s conftest.o
configure:7601: $? = 0
configure:7612: result: yes
configure:7575: checking for string.h
configure:7592: gcc -c -O0 -g   -I/home/shenlu/applications/tcq-tools/include conftest.c >&5
configure:7595: $? = 0
configure:7598: test -s conftest.o
configure:7601: $? = 0
configure:7612: result: yes
configure:7575: checking for memory.h
configure:7592: gcc -c -O0 -g   -I/home/shenlu/applications/tcq-tools/include conftest.c >&5
configure:7595: $? = 0
configure:7598: test -s conftest.o
configure:7601: $? = 0
configure:7612: result: yes
configure:7575: checking for strings.h
configure:7592: gcc -c -O0 -g   -I/home/shenlu/applications/tcq-tools/include conftest.c >&5
configure:7595: $? = 0
configure:7598: test -s conftest.o
configure:7601: $? = 0
configure:7612: result: yes
configure:7575: checking for inttypes.h
configure:7592: gcc -c -O0 -g   -I/home/shenlu/applications/tcq-tools/include conftest.c >&5
configure:7595: $? = 0
configure:7598: test -s conftest.o
configure:7601: $? = 0
configure:7612: result: yes
configure:7575: checking for stdint.h
configure:7592: gcc -c -O0 -g   -I/home/shenlu/applications/tcq-tools/include conftest.c >&5
configure:7595: $? = 0
configure:7598: test -s conftest.o
configure:7601: $? = 0
configure:7612: result: yes
configure:7575: checking for unistd.h
configure:7592: gcc -c -O0 -g   -I/home/shenlu/applications/tcq-tools/include conftest.c >&5
configure:7595: $? = 0
configure:7598: test -s conftest.o
configure:7601: $? = 0
configure:7612: result: yes
configure:7655: checking crypt.h usability
configure:7668: gcc -c -O0 -g   -I/home/shenlu/applications/tcq-tools/include conftest.c >&5
configure:7671: $? = 0
configure:7674: test -s conftest.o
configure:7677: $? = 0
configure:7687: result: yes
configure:7691: checking crypt.h presence
configure:7702: gcc -E   -I/home/shenlu/applications/tcq-tools/include conftest.c
configure:7708: $? = 0
configure:7727: result: yes
configure:7763: checking for crypt.h
configure:7770: result: yes
configure:7655: checking dld.h usability
configure:7668: gcc -c -O0 -g   -I/home/shenlu/applications/tcq-tools/include conftest.c >&5
configure:7725:17: fatal error: dld.h: No such file or directory
compilation terminated.
configure:7671: $? = 1
configure: failed program was:
| #line 7657 "configure"
| /* confdefs.h.  */
| 
| #define PACKAGE_NAME "PostgreSQL"
| #define PACKAGE_TARNAME "postgresql"
| #define PACKAGE_VERSION "7.3.2"
| #define PACKAGE_STRING "PostgreSQL 7.3.2"
| #define PACKAGE_BUGREPORT "pgsql-bugs@postgresql.org"
| #define PG_VERSION "2.1"
| #define DEF_PGPORT 5432
| #define DEF_PGPORT_STR "5432"
| #define DEF_MAXBACKENDS 32
| #define PG_VERSION_STR "PostgreSQL 2.1 on x86_64-unknown-linux-gnu, compiled by GCC gcc (Ubuntu 5.4.0-6ubuntu1~16.04.9) 5.4.0 20160609"
| #define USE_ASSERT_CHECKING 1
| #define PG_KRB_SRVNAM "postgres"
| #define HAVE_LIBM 1
| #define HAVE_LIBDL 1
| #define HAVE_LIBNSL 1
| #define HAVE_LIBRESOLV 1
| #define HAVE_LIBMM 1
| #define HAVE_LIBJUDY 1
| #define HAVE_LIBPTHREAD 1
| #define HAVE_LIBZ 1
| #define STDC_HEADERS 1
| #define HAVE_SYS_TYPES_H 1
| #define HAVE_SYS_STAT_H 1
| #define HAVE_STDLIB_H 1
| #define HAVE_STRING_H 1
| #define HAVE_MEMORY_H 1
| #define HAVE_STRINGS_H 1
| #define HAVE_INTTYPES_H 1
| #define HAVE_STDINT_H 1
| #define HAVE_UNISTD_H 1
| #define HAVE_CRYPT_H 1
| /* end confdefs.h.  */
| #include <stdio.h>
| #if HAVE_SYS_TYPES_H
| # include <sys/types.h>
| #endif
| #if HAVE_SYS_STAT_H
| # include <sys/stat.h>
| #endif
| #if STDC_HEADERS
| # include <stdlib.h>
| # include <stddef.h>
| #else
| # if HAVE_STDLIB_H
| #  include <stdlib.h>
| # endif
| #endif
| #if HAVE_STRING_H
| # if !STDC_HEADERS && HAVE_MEMORY_H
| #  include <memory.h>
| # endif
| # include <string.h>
| #endif
| #if HAVE_STRINGS_H
| # include <strings.h>
| #endif
| #if HAVE_INTTYPES_H
| # include <inttypes.h>
| #else
| # if HAVE_STDINT_H
| #  include <stdint.h>
| # endif
| #endif
| #if HAVE_UNISTD_H
| # include <unistd.h>
| #endif
| #include <dld.h>
configure:7687: result: no
configure:7691: checking dld.h presence
configure:7702: gcc -E   -I/home/shenlu/applications/tcq-tools/include conftest.c
configure:7727:17: fatal error: dld.h: No such file or directory
 echo "$as_me:$LINENO: result: $ac_header_preproc" >&5
                 ^
compilation terminated.
configure:7708: $? = 1
configure: failed program was:
| #line 7693 "configure"
| /* confdefs.h.  */
| 
| #define PACKAGE_NAME "PostgreSQL"
| #define PACKAGE_TARNAME "postgresql"
| #define PACKAGE_VERSION "7.3.2"
| #define PACKAGE_STRING "PostgreSQL 7.3.2"
| #define PACKAGE_BUGREPORT "pgsql-bugs@postgresql.org"
| #define PG_VERSION "2.1"
| #define DEF_PGPORT 5432
| #define DEF_PGPORT_STR "5432"
| #define DEF_MAXBACKENDS 32
| #define PG_VERSION_STR "PostgreSQL 2.1 on x86_64-unknown-linux-gnu, compiled by GCC gcc (Ubuntu 5.4.0-6ubuntu1~16.04.9) 5.4.0 20160609"
| #define USE_ASSERT_CHECKING 1
| #define PG_KRB_SRVNAM "postgres"
| #define HAVE_LIBM 1
| #define HAVE_LIBDL 1
| #define HAVE_LIBNSL 1
| #define HAVE_LIBRESOLV 1
| #define HAVE_LIBMM 1
| #define HAVE_LIBJUDY 1
| #define HAVE_LIBPTHREAD 1
| #define HAVE_LIBZ 1
| #define STDC_HEADERS 1
| #define HAVE_SYS_TYPES_H 1
| #define HAVE_SYS_STAT_H 1
| #define HAVE_STDLIB_H 1
| #define HAVE_STRING_H 1
| #define HAVE_MEMORY_H 1
| #define HAVE_STRINGS_H 1
| #define HAVE_INTTYPES_H 1
| #define HAVE_STDINT_H 1
| #define HAVE_UNISTD_H 1
| #define HAVE_CRYPT_H 1
| /* end confdefs.h.  */
| #include <dld.h>
configure:7727: result: no
configure:7763: checking for dld.h
configure:7770: result: no
configure:7655: checking endian.h usability
configure:7668: gcc -c -O0 -g   -I/home/shenlu/applications/tcq-tools/include conftest.c >&5
configure:7671: $? = 0
configure:7674: test -s conftest.o
configure:7677: $? = 0
configure:7687: result: yes
configure:7691: checking endian.h presence
configure:7702: gcc -E   -I/home/shenlu/applications/tcq-tools/include conftest.c
configure:7708: $? = 0
configure:7727: result: yes
configure:7763: checking for endian.h
configure:7770: result: yes
configure:7655: checking fp_class.h usability
configure:7668: gcc -c -O0 -g   -I/home/shenlu/applications/tcq-tools/include conftest.c >&5
configure:7726:22: fatal error: fp_class.h: No such file or directory
 rm -f conftest.err conftest.$ac_ext
                      ^
compilation terminated.
configure:7671: $? = 1
configure: failed program was:
| #line 7657 "configure"
| /* confdefs.h.  */
| 
| #define PACKAGE_NAME "PostgreSQL"
| #define PACKAGE_TARNAME "postgresql"
| #define PACKAGE_VERSION "7.3.2"
| #define PACKAGE_STRING "PostgreSQL 7.3.2"
| #define PACKAGE_BUGREPORT "pgsql-bugs@postgresql.org"
| #define PG_VERSION "2.1"
| #define DEF_PGPORT 5432
| #define DEF_PGPORT_STR "5432"
| #define DEF_MAXBACKENDS 32
| #define PG_VERSION_STR "PostgreSQL 2.1 on x86_64-unknown-linux-gnu, compiled by GCC gcc (Ubuntu 5.4.0-6ubuntu1~16.04.9) 5.4.0 20160609"
| #define USE_ASSERT_CHECKING 1
| #define PG_KRB_SRVNAM "postgres"
| #define HAVE_LIBM 1
| #define HAVE_LIBDL 1
| #define HAVE_LIBNSL 1
| #define HAVE_LIBRESOLV 1
| #define HAVE_LIBMM 1
| #define HAVE_LIBJUDY 1
| #define HAVE_LIBPTHREAD 1
| #define HAVE_LIBZ 1
| #define STDC_HEADERS 1
| #define HAVE_SYS_TYPES_H 1
| #define HAVE_SYS_STAT_H 1
| #define HAVE_STDLIB_H 1
| #define HAVE_STRING_H 1
| #define HAVE_MEMORY_H 1
| #define HAVE_STRINGS_H 1
| #define HAVE_INTTYPES_H 1
| #define HAVE_STDINT_H 1
| #define HAVE_UNISTD_H 1
| #define HAVE_CRYPT_H 1
| #define HAVE_ENDIAN_H 1
| /* end confdefs.h.  */
| #include <stdio.h>
| #if HAVE_SYS_TYPES_H
| # include <sys/types.h>
| #endif
| #if HAVE_SYS_STAT_H
| # include <sys/stat.h>
| #endif
| #if STDC_HEADERS
| # include <stdlib.h>
| # include <stddef.h>
| #else
| # if HAVE_STDLIB_H
| #  include <stdlib.h>
| # endif
| #endif
| #if HAVE_STRING_H
| # if !STDC_HEADERS && HAVE_MEMORY_H
| #  include <memory.h>
| # endif
| # include <string.h>
| #endif
| #if HAVE_STRINGS_H
| # include <strings.h>
| #endif
| #if HAVE_INTTYPES_H
| # include <inttypes.h>
| #else
| # if HAVE_STDINT_H
| #  include <stdint.h>
| # endif
| #endif
| #if HAVE_UNISTD_H
| # include <unistd.h>
| #endif
| #include <fp_class.h>
configure:7687: result: no
configure:7691: checking fp_class.h presence
configure:7702: gcc -E   -I/home/shenlu/applications/tcq-tools/include conftest.c
configure:7728:22: fatal error: fp_class.h: No such file or directory
 echo "${ECHO_T}$ac_header_preproc" >&6
                      ^
compilation terminated.
configure:7708: $? = 1
configure: failed program was:
| #line 7693 "configure"
| /* confdefs.h.  */
| 
| #define PACKAGE_NAME "PostgreSQL"
| #define PACKAGE_TARNAME "postgresql"
| #define PACKAGE_VERSION "7.3.2"
| #define PACKAGE_STRING "PostgreSQL 7.3.2"
| #define PACKAGE_BUGREPORT "pgsql-bugs@postgresql.org"
| #define PG_VERSION "2.1"
| #define DEF_PGPORT 5432
| #define DEF_PGPORT_STR "5432"
| #define DEF_MAXBACKENDS 32
| #define PG_VERSION_STR "PostgreSQL 2.1 on x86_64-unknown-linux-gnu, compiled by GCC gcc (Ubuntu 5.4.0-6ubuntu1~16.04.9) 5.4.0 20160609"
| #define USE_ASSERT_CHECKING 1
| #define PG_KRB_SRVNAM "postgres"
| #define HAVE_LIBM 1
| #define HAVE_LIBDL 1
| #define HAVE_LIBNSL 1
| #define HAVE_LIBRESOLV 1
| #define HAVE_LIBMM 1
| #define HAVE_LIBJUDY 1
| #define HAVE_LIBPTHREAD 1
| #define HAVE_LIBZ 1
| #define STDC_HEADERS 1
| #define HAVE_SYS_TYPES_H 1
| #define HAVE_SYS_STAT_H 1
| #define HAVE_STDLIB_H 1
| #define HAVE_STRING_H 1
| #define HAVE_MEMORY_H 1
| #define HAVE_STRINGS_H 1
| #define HAVE_INTTYPES_H 1
| #define HAVE_STDINT_H 1
| #define HAVE_UNISTD_H 1
| #define HAVE_CRYPT_H 1
| #define HAVE_ENDIAN_H 1
| /* end confdefs.h.  */
| #include <fp_class.h>
configure:7727: result: no
configure:7763: checking for fp_class.h
configure:7770: result: no
configure:7655: checking getopt.h usability
configure:7668: gcc -c -O0 -g   -I/home/shenlu/applications/tcq-tools/include conftest.c >&5
configure:7671: $? = 0
configure:7674: test -s conftest.o
configure:7677: $? = 0
configure:7687: result: yes
configure:7691: checking getopt.h presence
configure:7702: gcc -E   -I/home/shenlu/applications/tcq-tools/include conftest.c
configure:7708: $? = 0
configure:7727: result: yes
configure:7763: checking for getopt.h
configure:7770: result: yes
configure:7655: checking ieeefp.h usability
configure:7668: gcc -c -O0 -g   -I/home/shenlu/applications/tcq-tools/include conftest.c >&5
configure:7727:20: fatal error: ieeefp.h: No such file or directory
 echo "$as_me:$LINENO: result: $ac_header_preproc" >&5
                    ^
compilation terminated.
configure:7671: $? = 1
configure: failed program was:
| #line 7657 "configure"
| /* confdefs.h.  */
| 
| #define PACKAGE_NAME "PostgreSQL"
| #define PACKAGE_TARNAME "postgresql"
| #define PACKAGE_VERSION "7.3.2"
| #define PACKAGE_STRING "PostgreSQL 7.3.2"
| #define PACKAGE_BUGREPORT "pgsql-bugs@postgresql.org"
| #define PG_VERSION "2.1"
| #define DEF_PGPORT 5432
| #define DEF_PGPORT_STR "5432"
| #define DEF_MAXBACKENDS 32
| #define PG_VERSION_STR "PostgreSQL 2.1 on x86_64-unknown-linux-gnu, compiled by GCC gcc (Ubuntu 5.4.0-6ubuntu1~16.04.9) 5.4.0 20160609"
| #define USE_ASSERT_CHECKING 1
| #define PG_KRB_SRVNAM "postgres"
| #define HAVE_LIBM 1
| #define HAVE_LIBDL 1
| #define HAVE_LIBNSL 1
| #define HAVE_LIBRESOLV 1
| #define HAVE_LIBMM 1
| #define HAVE_LIBJUDY 1
| #define HAVE_LIBPTHREAD 1
| #define HAVE_LIBZ 1
| #define STDC_HEADERS 1
| #define HAVE_SYS_TYPES_H 1
| #define HAVE_SYS_STAT_H 1
| #define HAVE_STDLIB_H 1
| #define HAVE_STRING_H 1
| #define HAVE_MEMORY_H 1
| #define HAVE_STRINGS_H 1
| #define HAVE_INTTYPES_H 1
| #define HAVE_STDINT_H 1
| #define HAVE_UNISTD_H 1
| #define HAVE_CRYPT_H 1
| #define HAVE_ENDIAN_H 1
| #define HAVE_GETOPT_H 1
| /* end confdefs.h.  */
| #include <stdio.h>
| #if HAVE_SYS_TYPES_H
| # include <sys/types.h>
| #endif
| #if HAVE_SYS_STAT_H
| # include <sys/stat.h>
| #endif
| #if STDC_HEADERS
| # include <stdlib.h>
| # include <stddef.h>
| #else
| # if HAVE_STDLIB_H
| #  include <stdlib.h>
| # endif
| #endif
| #if HAVE_STRING_H
| # if !STDC_HEADERS && HAVE_MEMORY_H
| #  include <memory.h>
| # endif
| # include <string.h>
| #endif
| #if HAVE_STRINGS_H
| # include <strings.h>
| #endif
| #if HAVE_INTTYPES_H
| # include <inttypes.h>
| #else
| # if HAVE_STDINT_H
| #  include <stdint.h>
| # endif
| #endif
| #if HAVE_UNISTD_H
| # include <unistd.h>
| #endif
| #include <ieeefp.h>
configure:7687: result: no
configure:7691: checking ieeefp.h presence
configure:7702: gcc -E   -I/home/shenlu/applications/tcq-tools/include conftest.c
configure:7729:20: fatal error: ieeefp.h: No such file or directory
compilation terminated.
configure:7708: $? = 1
configure: failed program was:
| #line 7693 "configure"
| /* confdefs.h.  */
| 
| #define PACKAGE_NAME "PostgreSQL"
| #define PACKAGE_TARNAME "postgresql"
| #define PACKAGE_VERSION "7.3.2"
| #define PACKAGE_STRING "PostgreSQL 7.3.2"
| #define PACKAGE_BUGREPORT "pgsql-bugs@postgresql.org"
| #define PG_VERSION "2.1"
| #define DEF_PGPORT 5432
| #define DEF_PGPORT_STR "5432"
| #define DEF_MAXBACKENDS 32
| #define PG_VERSION_STR "PostgreSQL 2.1 on x86_64-unknown-linux-gnu, compiled by GCC gcc (Ubuntu 5.4.0-6ubuntu1~16.04.9) 5.4.0 20160609"
| #define USE_ASSERT_CHECKING 1
| #define PG_KRB_SRVNAM "postgres"
| #define HAVE_LIBM 1
| #define HAVE_LIBDL 1
| #define HAVE_LIBNSL 1
| #define HAVE_LIBRESOLV 1
| #define HAVE_LIBMM 1
| #define HAVE_LIBJUDY 1
| #define HAVE_LIBPTHREAD 1
| #define HAVE_LIBZ 1
| #define STDC_HEADERS 1
| #define HAVE_SYS_TYPES_H 1
| #define HAVE_SYS_STAT_H 1
| #define HAVE_STDLIB_H 1
| #define HAVE_STRING_H 1
| #define HAVE_MEMORY_H 1
| #define HAVE_STRINGS_H 1
| #define HAVE_INTTYPES_H 1
| #define HAVE_STDINT_H 1
| #define HAVE_UNISTD_H 1
| #define HAVE_CRYPT_H 1
| #define HAVE_ENDIAN_H 1
| #define HAVE_GETOPT_H 1
| /* end confdefs.h.  */
| #include <ieeefp.h>
configure:7727: result: no
configure:7763: checking for ieeefp.h
configure:7770: result: no
configure:7655: checking pwd.h usability
configure:7668: gcc -c -O0 -g   -I/home/shenlu/applications/tcq-tools/include conftest.c >&5
configure:7671: $? = 0
configure:7674: test -s conftest.o
configure:7677: $? = 0
configure:7687: result: yes
configure:7691: checking pwd.h presence
configure:7702: gcc -E   -I/home/shenlu/applications/tcq-tools/include conftest.c
configure:7708: $? = 0
configure:7727: result: yes
configure:7763: checking for pwd.h
configure:7770: result: yes
configure:7655: checking sys/ipc.h usability
configure:7668: gcc -c -O0 -g   -I/home/shenlu/applications/tcq-tools/include conftest.c >&5
configure:7671: $? = 0
configure:7674: test -s conftest.o
configure:7677: $? = 0
configure:7687: result: yes
configure:7691: checking sys/ipc.h presence
configure:7702: gcc -E   -I/home/shenlu/applications/tcq-tools/include conftest.c
configure:7708: $? = 0
configure:7727: result: yes
configure:7763: checking for sys/ipc.h
configure:7770: result: yes
configure:7655: checking sys/pstat.h usability
configure:7668: gcc -c -O0 -g   -I/home/shenlu/applications/tcq-tools/include conftest.c >&5
configure:7729:23: fatal error: sys/pstat.h: No such file or directory
compilation terminated.
configure:7671: $? = 1
configure: failed program was:
| #line 7657 "configure"
| /* confdefs.h.  */
| 
| #define PACKAGE_NAME "PostgreSQL"
| #define PACKAGE_TARNAME "postgresql"
| #define PACKAGE_VERSION "7.3.2"
| #define PACKAGE_STRING "PostgreSQL 7.3.2"
| #define PACKAGE_BUGREPORT "pgsql-bugs@postgresql.org"
| #define PG_VERSION "2.1"
| #define DEF_PGPORT 5432
| #define DEF_PGPORT_STR "5432"
| #define DEF_MAXBACKENDS 32
| #define PG_VERSION_STR "PostgreSQL 2.1 on x86_64-unknown-linux-gnu, compiled by GCC gcc (Ubuntu 5.4.0-6ubuntu1~16.04.9) 5.4.0 20160609"
| #define USE_ASSERT_CHECKING 1
| #define PG_KRB_SRVNAM "postgres"
| #define HAVE_LIBM 1
| #define HAVE_LIBDL 1
| #define HAVE_LIBNSL 1
| #define HAVE_LIBRESOLV 1
| #define HAVE_LIBMM 1
| #define HAVE_LIBJUDY 1
| #define HAVE_LIBPTHREAD 1
| #define HAVE_LIBZ 1
| #define STDC_HEADERS 1
| #define HAVE_SYS_TYPES_H 1
| #define HAVE_SYS_STAT_H 1
| #define HAVE_STDLIB_H 1
| #define HAVE_STRING_H 1
| #define HAVE_MEMORY_H 1
| #define HAVE_STRINGS_H 1
| #define HAVE_INTTYPES_H 1
| #define HAVE_STDINT_H 1
| #define HAVE_UNISTD_H 1
| #define HAVE_CRYPT_H 1
| #define HAVE_ENDIAN_H 1
| #define HAVE_GETOPT_H 1
| #define HAVE_PWD_H 1
| #define HAVE_SYS_IPC_H 1
| /* end confdefs.h.  */
| #include <stdio.h>
| #if HAVE_SYS_TYPES_H
| # include <sys/types.h>
| #endif
| #if HAVE_SYS_STAT_H
| # include <sys/stat.h>
| #endif
| #if STDC_HEADERS
| # include <stdlib.h>
| # include <stddef.h>
| #else
| # if HAVE_STDLIB_H
| #  include <stdlib.h>
| # endif
| #endif
| #if HAVE_STRING_H
| # if !STDC_HEADERS && HAVE_MEMORY_H
| #  include <memory.h>
| # endif
| # include <string.h>
| #endif
| #if HAVE_STRINGS_H
| # include <strings.h>
| #endif
| #if HAVE_INTTYPES_H
| # include <inttypes.h>
| #else
| # if HAVE_STDINT_H
| #  include <stdint.h>
| # endif
| #endif
| #if HAVE_UNISTD_H
| # include <unistd.h>
| #endif
| #include <sys/pstat.h>
configure:7687: result: no
configure:7691: checking sys/pstat.h presence
configure:7702: gcc -E   -I/home/shenlu/applications/tcq-tools/include conftest.c
configure:7731:23: fatal error: sys/pstat.h: No such file or directory
 case $ac_header_compiler:$ac_header_preproc in
                       ^
compilation terminated.
configure:7708: $? = 1
configure: failed program was:
| #line 7693 "configure"
| /* confdefs.h.  */
| 
| #define PACKAGE_NAME "PostgreSQL"
| #define PACKAGE_TARNAME "postgresql"
| #define PACKAGE_VERSION "7.3.2"
| #define PACKAGE_STRING "PostgreSQL 7.3.2"
| #define PACKAGE_BUGREPORT "pgsql-bugs@postgresql.org"
| #define PG_VERSION "2.1"
| #define DEF_PGPORT 5432
| #define DEF_PGPORT_STR "5432"
| #define DEF_MAXBACKENDS 32
| #define PG_VERSION_STR "PostgreSQL 2.1 on x86_64-unknown-linux-gnu, compiled by GCC gcc (Ubuntu 5.4.0-6ubuntu1~16.04.9) 5.4.0 20160609"
| #define USE_ASSERT_CHECKING 1
| #define PG_KRB_SRVNAM "postgres"
| #define HAVE_LIBM 1
| #define HAVE_LIBDL 1
| #define HAVE_LIBNSL 1
| #define HAVE_LIBRESOLV 1
| #define HAVE_LIBMM 1
| #define HAVE_LIBJUDY 1
| #define HAVE_LIBPTHREAD 1
| #define HAVE_LIBZ 1
| #define STDC_HEADERS 1
| #define HAVE_SYS_TYPES_H 1
| #define HAVE_SYS_STAT_H 1
| #define HAVE_STDLIB_H 1
| #define HAVE_STRING_H 1
| #define HAVE_MEMORY_H 1
| #define HAVE_STRINGS_H 1
| #define HAVE_INTTYPES_H 1
| #define HAVE_STDINT_H 1
| #define HAVE_UNISTD_H 1
| #define HAVE_CRYPT_H 1
| #define HAVE_ENDIAN_H 1
| #define HAVE_GETOPT_H 1
| #define HAVE_PWD_H 1
| #define HAVE_SYS_IPC_H 1
| /* end confdefs.h.  */
| #include <sys/pstat.h>
configure:7727: result: no
configure:7763: checking for sys/pstat.h
configure:7770: result: no
configure:7655: checking sys/select.h usability
configure:7668: gcc -c -O0 -g   -I/home/shenlu/applications/tcq-tools/include conftest.c >&5
configure:7671: $? = 0
configure:7674: test -s conftest.o
configure:7677: $? = 0
configure:7687: result: yes
configure:7691: checking sys/select.h presence
configure:7702: gcc -E   -I/home/shenlu/applications/tcq-tools/include conftest.c
configure:7708: $? = 0
configure:7727: result: yes
configure:7763: checking for sys/select.h
configure:7770: result: yes
configure:7655: checking sys/sem.h usability
configure:7668: gcc -c -O0 -g   -I/home/shenlu/applications/tcq-tools/include conftest.c >&5
configure:7671: $? = 0
configure:7674: test -s conftest.o
configure:7677: $? = 0
configure:7687: result: yes
configure:7691: checking sys/sem.h presence
configure:7702: gcc -E   -I/home/shenlu/applications/tcq-tools/include conftest.c
configure:7708: $? = 0
configure:7727: result: yes
configure:7763: checking for sys/sem.h
configure:7770: result: yes
configure:7655: checking sys/socket.h usability
configure:7668: gcc -c -O0 -g   -I/home/shenlu/applications/tcq-tools/include conftest.c >&5
configure:7671: $? = 0
configure:7674: test -s conftest.o
configure:7677: $? = 0
configure:7687: result: yes
configure:7691: checking sys/socket.h presence
configure:7702: gcc -E   -I/home/shenlu/applications/tcq-tools/include conftest.c
configure:7708: $? = 0
configure:7727: result: yes
configure:7763: checking for sys/socket.h
configure:7770: result: yes
configure:7655: checking sys/shm.h usability
configure:7668: gcc -c -O0 -g   -I/home/shenlu/applications/tcq-tools/include conftest.c >&5
configure:7671: $? = 0
configure:7674: test -s conftest.o
configure:7677: $? = 0
configure:7687: result: yes
configure:7691: checking sys/shm.h presence
configure:7702: gcc -E   -I/home/shenlu/applications/tcq-tools/include conftest.c
configure:7708: $? = 0
configure:7727: result: yes
configure:7763: checking for sys/shm.h
configure:7770: result: yes
configure:7655: checking sys/un.h usability
configure:7668: gcc -c -O0 -g   -I/home/shenlu/applications/tcq-tools/include conftest.c >&5
configure:7671: $? = 0
configure:7674: test -s conftest.o
configure:7677: $? = 0
configure:7687: result: yes
configure:7691: checking sys/un.h presence
configure:7702: gcc -E   -I/home/shenlu/applications/tcq-tools/include conftest.c
configure:7708: $? = 0
configure:7727: result: yes
configure:7763: checking for sys/un.h
configure:7770: result: yes
configure:7655: checking termios.h usability
configure:7668: gcc -c -O0 -g   -I/home/shenlu/applications/tcq-tools/include conftest.c >&5
configure:7671: $? = 0
configure:7674: test -s conftest.o
configure:7677: $? = 0
configure:7687: result: yes
configure:7691: checking termios.h presence
configure:7702: gcc -E   -I/home/shenlu/applications/tcq-tools/include conftest.c
configure:7708: $? = 0
configure:7727: result: yes
configure:7763: checking for termios.h
configure:7770: result: yes
configure:7655: checking kernel/OS.h usability
configure:7668: gcc -c -O0 -g   -I/home/shenlu/applications/tcq-tools/include conftest.c >&5
configure:7735:23: fatal error: kernel/OS.h: No such file or directory
     { echo "$as_me:$LINENO: WARNING: $ac_header: proceeding with the preprocessor's result" >&5
                       ^
compilation terminated.
configure:7671: $? = 1
configure: failed program was:
| #line 7657 "configure"
| /* confdefs.h.  */
| 
| #define PACKAGE_NAME "PostgreSQL"
| #define PACKAGE_TARNAME "postgresql"
| #define PACKAGE_VERSION "7.3.2"
| #define PACKAGE_STRING "PostgreSQL 7.3.2"
| #define PACKAGE_BUGREPORT "pgsql-bugs@postgresql.org"
| #define PG_VERSION "2.1"
| #define DEF_PGPORT 5432
| #define DEF_PGPORT_STR "5432"
| #define DEF_MAXBACKENDS 32
| #define PG_VERSION_STR "PostgreSQL 2.1 on x86_64-unknown-linux-gnu, compiled by GCC gcc (Ubuntu 5.4.0-6ubuntu1~16.04.9) 5.4.0 20160609"
| #define USE_ASSERT_CHECKING 1
| #define PG_KRB_SRVNAM "postgres"
| #define HAVE_LIBM 1
| #define HAVE_LIBDL 1
| #define HAVE_LIBNSL 1
| #define HAVE_LIBRESOLV 1
| #define HAVE_LIBMM 1
| #define HAVE_LIBJUDY 1
| #define HAVE_LIBPTHREAD 1
| #define HAVE_LIBZ 1
| #define STDC_HEADERS 1
| #define HAVE_SYS_TYPES_H 1
| #define HAVE_SYS_STAT_H 1
| #define HAVE_STDLIB_H 1
| #define HAVE_STRING_H 1
| #define HAVE_MEMORY_H 1
| #define HAVE_STRINGS_H 1
| #define HAVE_INTTYPES_H 1
| #define HAVE_STDINT_H 1
| #define HAVE_UNISTD_H 1
| #define HAVE_CRYPT_H 1
| #define HAVE_ENDIAN_H 1
| #define HAVE_GETOPT_H 1
| #define HAVE_PWD_H 1
| #define HAVE_SYS_IPC_H 1
| #define HAVE_SYS_SELECT_H 1
| #define HAVE_SYS_SEM_H 1
| #define HAVE_SYS_SOCKET_H 1
| #define HAVE_SYS_SHM_H 1
| #define HAVE_SYS_UN_H 1
| #define HAVE_TERMIOS_H 1
| /* end confdefs.h.  */
| #include <stdio.h>
| #if HAVE_SYS_TYPES_H
| # include <sys/types.h>
| #endif
| #if HAVE_SYS_STAT_H
| # include <sys/stat.h>
| #endif
| #if STDC_HEADERS
| # include <stdlib.h>
| # include <stddef.h>
| #else
| # if HAVE_STDLIB_H
| #  include <stdlib.h>
| # endif
| #endif
| #if HAVE_STRING_H
| # if !STDC_HEADERS && HAVE_MEMORY_H
| #  include <memory.h>
| # endif
| # include <string.h>
| #endif
| #if HAVE_STRINGS_H
| # include <strings.h>
| #endif
| #if HAVE_INTTYPES_H
| # include <inttypes.h>
| #else
| # if HAVE_STDINT_H
| #  include <stdint.h>
| # endif
| #endif
| #if HAVE_UNISTD_H
| # include <unistd.h>
| #endif
| #include <kernel/OS.h>
configure:7687: result: no
configure:7691: checking kernel/OS.h presence
configure:7702: gcc -E   -I/home/shenlu/applications/tcq-tools/include conftest.c
configure:7737:23: fatal error: kernel/OS.h: No such file or directory
compilation terminated.
configure:7708: $? = 1
configure: failed program was:
| #line 7693 "configure"
| /* confdefs.h.  */
| 
| #define PACKAGE_NAME "PostgreSQL"
| #define PACKAGE_TARNAME "postgresql"
| #define PACKAGE_VERSION "7.3.2"
| #define PACKAGE_STRING "PostgreSQL 7.3.2"
| #define PACKAGE_BUGREPORT "pgsql-bugs@postgresql.org"
| #define PG_VERSION "2.1"
| #define DEF_PGPORT 5432
| #define DEF_PGPORT_STR "5432"
| #define DEF_MAXBACKENDS 32
| #define PG_VERSION_STR "PostgreSQL 2.1 on x86_64-unknown-linux-gnu, compiled by GCC gcc (Ubuntu 5.4.0-6ubuntu1~16.04.9) 5.4.0 20160609"
| #define USE_ASSERT_CHECKING 1
| #define PG_KRB_SRVNAM "postgres"
| #define HAVE_LIBM 1
| #define HAVE_LIBDL 1
| #define HAVE_LIBNSL 1
| #define HAVE_LIBRESOLV 1
| #define HAVE_LIBMM 1
| #define HAVE_LIBJUDY 1
| #define HAVE_LIBPTHREAD 1
| #define HAVE_LIBZ 1
| #define STDC_HEADERS 1
| #define HAVE_SYS_TYPES_H 1
| #define HAVE_SYS_STAT_H 1
| #define HAVE_STDLIB_H 1
| #define HAVE_STRING_H 1
| #define HAVE_MEMORY_H 1
| #define HAVE_STRINGS_H 1
| #define HAVE_INTTYPES_H 1
| #define HAVE_STDINT_H 1
| #define HAVE_UNISTD_H 1
| #define HAVE_CRYPT_H 1
| #define HAVE_ENDIAN_H 1
| #define HAVE_GETOPT_H 1
| #define HAVE_PWD_H 1
| #define HAVE_SYS_IPC_H 1
| #define HAVE_SYS_SELECT_H 1
| #define HAVE_SYS_SEM_H 1
| #define HAVE_SYS_SOCKET_H 1
| #define HAVE_SYS_SHM_H 1
| #define HAVE_SYS_UN_H 1
| #define HAVE_TERMIOS_H 1
| /* end confdefs.h.  */
| #include <kernel/OS.h>
configure:7727: result: no
configure:7763: checking for kernel/OS.h
configure:7770: result: no
configure:7655: checking kernel/image.h usability
configure:7668: gcc -c -O0 -g   -I/home/shenlu/applications/tcq-tools/include conftest.c >&5
configure:7735:26: fatal error: kernel/image.h: No such file or directory
     { echo "$as_me:$LINENO: WARNING: $ac_header: proceeding with the preprocessor's result" >&5
                          ^
compilation terminated.
configure:7671: $? = 1
configure: failed program was:
| #line 7657 "configure"
| /* confdefs.h.  */
| 
| #define PACKAGE_NAME "PostgreSQL"
| #define PACKAGE_TARNAME "postgresql"
| #define PACKAGE_VERSION "7.3.2"
| #define PACKAGE_STRING "PostgreSQL 7.3.2"
| #define PACKAGE_BUGREPORT "pgsql-bugs@postgresql.org"
| #define PG_VERSION "2.1"
| #define DEF_PGPORT 5432
| #define DEF_PGPORT_STR "5432"
| #define DEF_MAXBACKENDS 32
| #define PG_VERSION_STR "PostgreSQL 2.1 on x86_64-unknown-linux-gnu, compiled by GCC gcc (Ubuntu 5.4.0-6ubuntu1~16.04.9) 5.4.0 20160609"
| #define USE_ASSERT_CHECKING 1
| #define PG_KRB_SRVNAM "postgres"
| #define HAVE_LIBM 1
| #define HAVE_LIBDL 1
| #define HAVE_LIBNSL 1
| #define HAVE_LIBRESOLV 1
| #define HAVE_LIBMM 1
| #define HAVE_LIBJUDY 1
| #define HAVE_LIBPTHREAD 1
| #define HAVE_LIBZ 1
| #define STDC_HEADERS 1
| #define HAVE_SYS_TYPES_H 1
| #define HAVE_SYS_STAT_H 1
| #define HAVE_STDLIB_H 1
| #define HAVE_STRING_H 1
| #define HAVE_MEMORY_H 1
| #define HAVE_STRINGS_H 1
| #define HAVE_INTTYPES_H 1
| #define HAVE_STDINT_H 1
| #define HAVE_UNISTD_H 1
| #define HAVE_CRYPT_H 1
| #define HAVE_ENDIAN_H 1
| #define HAVE_GETOPT_H 1
| #define HAVE_PWD_H 1
| #define HAVE_SYS_IPC_H 1
| #define HAVE_SYS_SELECT_H 1
| #define HAVE_SYS_SEM_H 1
| #define HAVE_SYS_SOCKET_H 1
| #define HAVE_SYS_SHM_H 1
| #define HAVE_SYS_UN_H 1
| #define HAVE_TERMIOS_H 1
| /* end confdefs.h.  */
| #include <stdio.h>
| #if HAVE_SYS_TYPES_H
| # include <sys/types.h>
| #endif
| #if HAVE_SYS_STAT_H
| # include <sys/stat.h>
| #endif
| #if STDC_HEADERS
| # include <stdlib.h>
| # include <stddef.h>
| #else
| # if HAVE_STDLIB_H
| #  include <stdlib.h>
| # endif
| #endif
| #if HAVE_STRING_H
| # if !STDC_HEADERS && HAVE_MEMORY_H
| #  include <memory.h>
| # endif
| # include <string.h>
| #endif
| #if HAVE_STRINGS_H
| # include <strings.h>
| #endif
| #if HAVE_INTTYPES_H
| # include <inttypes.h>
| #else
| # if HAVE_STDINT_H
| #  include <stdint.h>
| # endif
| #endif
| #if HAVE_UNISTD_H
| # include <unistd.h>
| #endif
| #include <kernel/image.h>
configure:7687: result: no
configure:7691: checking kernel/image.h presence
configure:7702: gcc -E   -I/home/shenlu/applications/tcq-tools/include conftest.c
configure:7737:26: fatal error: kernel/image.h: No such file or directory
compilation terminated.
configure:7708: $? = 1
configure: failed program was:
| #line 7693 "configure"
| /* confdefs.h.  */
| 
| #define PACKAGE_NAME "PostgreSQL"
| #define PACKAGE_TARNAME "postgresql"
| #define PACKAGE_VERSION "7.3.2"
| #define PACKAGE_STRING "PostgreSQL 7.3.2"
| #define PACKAGE_BUGREPORT "pgsql-bugs@postgresql.org"
| #define PG_VERSION "2.1"
| #define DEF_PGPORT 5432
| #define DEF_PGPORT_STR "5432"
| #define DEF_MAXBACKENDS 32
| #define PG_VERSION_STR "PostgreSQL 2.1 on x86_64-unknown-linux-gnu, compiled by GCC gcc (Ubuntu 5.4.0-6ubuntu1~16.04.9) 5.4.0 20160609"
| #define USE_ASSERT_CHECKING 1
| #define PG_KRB_SRVNAM "postgres"
| #define HAVE_LIBM 1
| #define HAVE_LIBDL 1
| #define HAVE_LIBNSL 1
| #define HAVE_LIBRESOLV 1
| #define HAVE_LIBMM 1
| #define HAVE_LIBJUDY 1
| #define HAVE_LIBPTHREAD 1
| #define HAVE_LIBZ 1
| #define STDC_HEADERS 1
| #define HAVE_SYS_TYPES_H 1
| #define HAVE_SYS_STAT_H 1
| #define HAVE_STDLIB_H 1
| #define HAVE_STRING_H 1
| #define HAVE_MEMORY_H 1
| #define HAVE_STRINGS_H 1
| #define HAVE_INTTYPES_H 1
| #define HAVE_STDINT_H 1
| #define HAVE_UNISTD_H 1
| #define HAVE_CRYPT_H 1
| #define HAVE_ENDIAN_H 1
| #define HAVE_GETOPT_H 1
| #define HAVE_PWD_H 1
| #define HAVE_SYS_IPC_H 1
| #define HAVE_SYS_SELECT_H 1
| #define HAVE_SYS_SEM_H 1
| #define HAVE_SYS_SOCKET_H 1
| #define HAVE_SYS_SHM_H 1
| #define HAVE_SYS_UN_H 1
| #define HAVE_TERMIOS_H 1
| /* end confdefs.h.  */
| #include <kernel/image.h>
configure:7727: result: no
configure:7763: checking for kernel/image.h
configure:7770: result: no
configure:7655: checking SupportDefs.h usability
configure:7668: gcc -c -O0 -g   -I/home/shenlu/applications/tcq-tools/include conftest.c >&5
configure:7735:25: fatal error: SupportDefs.h: No such file or directory
     { echo "$as_me:$LINENO: WARNING: $ac_header: proceeding with the preprocessor's result" >&5
                         ^
compilation terminated.
configure:7671: $? = 1
configure: failed program was:
| #line 7657 "configure"
| /* confdefs.h.  */
| 
| #define PACKAGE_NAME "PostgreSQL"
| #define PACKAGE_TARNAME "postgresql"
| #define PACKAGE_VERSION "7.3.2"
| #define PACKAGE_STRING "PostgreSQL 7.3.2"
| #define PACKAGE_BUGREPORT "pgsql-bugs@postgresql.org"
| #define PG_VERSION "2.1"
| #define DEF_PGPORT 5432
| #define DEF_PGPORT_STR "5432"
| #define DEF_MAXBACKENDS 32
| #define PG_VERSION_STR "PostgreSQL 2.1 on x86_64-unknown-linux-gnu, compiled by GCC gcc (Ubuntu 5.4.0-6ubuntu1~16.04.9) 5.4.0 20160609"
| #define USE_ASSERT_CHECKING 1
| #define PG_KRB_SRVNAM "postgres"
| #define HAVE_LIBM 1
| #define HAVE_LIBDL 1
| #define HAVE_LIBNSL 1
| #define HAVE_LIBRESOLV 1
| #define HAVE_LIBMM 1
| #define HAVE_LIBJUDY 1
| #define HAVE_LIBPTHREAD 1
| #define HAVE_LIBZ 1
| #define STDC_HEADERS 1
| #define HAVE_SYS_TYPES_H 1
| #define HAVE_SYS_STAT_H 1
| #define HAVE_STDLIB_H 1
| #define HAVE_STRING_H 1
| #define HAVE_MEMORY_H 1
| #define HAVE_STRINGS_H 1
| #define HAVE_INTTYPES_H 1
| #define HAVE_STDINT_H 1
| #define HAVE_UNISTD_H 1
| #define HAVE_CRYPT_H 1
| #define HAVE_ENDIAN_H 1
| #define HAVE_GETOPT_H 1
| #define HAVE_PWD_H 1
| #define HAVE_SYS_IPC_H 1
| #define HAVE_SYS_SELECT_H 1
| #define HAVE_SYS_SEM_H 1
| #define HAVE_SYS_SOCKET_H 1
| #define HAVE_SYS_SHM_H 1
| #define HAVE_SYS_UN_H 1
| #define HAVE_TERMIOS_H 1
| /* end confdefs.h.  */
| #include <stdio.h>
| #if HAVE_SYS_TYPES_H
| # include <sys/types.h>
| #endif
| #if HAVE_SYS_STAT_H
| # include <sys/stat.h>
| #endif
| #if STDC_HEADERS
| # include <stdlib.h>
| # include <stddef.h>
| #else
| # if HAVE_STDLIB_H
| #  include <stdlib.h>
| # endif
| #endif
| #if HAVE_STRING_H
| # if !STDC_HEADERS && HAVE_MEMORY_H
| #  include <memory.h>
| # endif
| # include <string.h>
| #endif
| #if HAVE_STRINGS_H
| # include <strings.h>
| #endif
| #if HAVE_INTTYPES_H
| # include <inttypes.h>
| #else
| # if HAVE_STDINT_H
| #  include <stdint.h>
| # endif
| #endif
| #if HAVE_UNISTD_H
| # include <unistd.h>
| #endif
| #include <SupportDefs.h>
configure:7687: result: no
configure:7691: checking SupportDefs.h presence
configure:7702: gcc -E   -I/home/shenlu/applications/tcq-tools/include conftest.c
configure:7737:25: fatal error: SupportDefs.h: No such file or directory
compilation terminated.
configure:7708: $? = 1
configure: failed program was:
| #line 7693 "configure"
| /* confdefs.h.  */
| 
| #define PACKAGE_NAME "PostgreSQL"
| #define PACKAGE_TARNAME "postgresql"
| #define PACKAGE_VERSION "7.3.2"
| #define PACKAGE_STRING "PostgreSQL 7.3.2"
| #define PACKAGE_BUGREPORT "pgsql-bugs@postgresql.org"
| #define PG_VERSION "2.1"
| #define DEF_PGPORT 5432
| #define DEF_PGPORT_STR "5432"
| #define DEF_MAXBACKENDS 32
| #define PG_VERSION_STR "PostgreSQL 2.1 on x86_64-unknown-linux-gnu, compiled by GCC gcc (Ubuntu 5.4.0-6ubuntu1~16.04.9) 5.4.0 20160609"
| #define USE_ASSERT_CHECKING 1
| #define PG_KRB_SRVNAM "postgres"
| #define HAVE_LIBM 1
| #define HAVE_LIBDL 1
| #define HAVE_LIBNSL 1
| #define HAVE_LIBRESOLV 1
| #define HAVE_LIBMM 1
| #define HAVE_LIBJUDY 1
| #define HAVE_LIBPTHREAD 1
| #define HAVE_LIBZ 1
| #define STDC_HEADERS 1
| #define HAVE_SYS_TYPES_H 1
| #define HAVE_SYS_STAT_H 1
| #define HAVE_STDLIB_H 1
| #define HAVE_STRING_H 1
| #define HAVE_MEMORY_H 1
| #define HAVE_STRINGS_H 1
| #define HAVE_INTTYPES_H 1
| #define HAVE_STDINT_H 1
| #define HAVE_UNISTD_H 1
| #define HAVE_CRYPT_H 1
| #define HAVE_ENDIAN_H 1
| #define HAVE_GETOPT_H 1
| #define HAVE_PWD_H 1
| #define HAVE_SYS_IPC_H 1
| #define HAVE_SYS_SELECT_H 1
| #define HAVE_SYS_SEM_H 1
| #define HAVE_SYS_SOCKET_H 1
| #define HAVE_SYS_SHM_H 1
| #define HAVE_SYS_UN_H 1
| #define HAVE_TERMIOS_H 1
| /* end confdefs.h.  */
| #include <SupportDefs.h>
configure:7727: result: no
configure:7763: checking for SupportDefs.h
configure:7770: result: no
configure:7800: checking netinet/in.h usability
configure:7813: gcc -c -O0 -g   -I/home/shenlu/applications/tcq-tools/include conftest.c >&5
configure:7816: $? = 0
configure:7819: test -s conftest.o
configure:7822: $? = 0
configure:7832: result: yes
configure:7836: checking netinet/in.h presence
configure:7847: gcc -E   -I/home/shenlu/applications/tcq-tools/include conftest.c
configure:7853: $? = 0
configure:7872: result: yes
configure:7908: checking for netinet/in.h
configure:7915: result: yes
configure:7932: checking for netinet/tcp.h
configure:7953: gcc -c -O0 -g   -I/home/shenlu/applications/tcq-tools/include conftest.c >&5
configure:7956: $? = 0
configure:7959: test -s conftest.o
configure:7962: $? = 0
configure:7973: result: yes
configure:8589: checking zlib.h usability
configure:8602: gcc -c -O0 -g   -I/home/shenlu/applications/tcq-tools/include conftest.c >&5
configure:8605: $? = 0
configure:8608: test -s conftest.o
configure:8611: $? = 0
configure:8621: result: yes
configure:8625: checking zlib.h presence
configure:8636: gcc -E   -I/home/shenlu/applications/tcq-tools/include conftest.c
configure:8642: $? = 0
configure:8661: result: yes
configure:8697: checking for zlib.h
configure:8704: result: yes
configure:9570: checking for an ANSI C-conforming const
configure:9638: gcc -c -O0 -g   -I/home/shenlu/applications/tcq-tools/include conftest.c >&5
configure:9641: $? = 0
configure:9644: test -s conftest.o
configure:9647: $? = 0
configure:9658: result: yes
configure:9668: checking for inline
configure:9690: gcc -c -O0 -g   -I/home/shenlu/applications/tcq-tools/include conftest.c >&5
configure:9693: $? = 0
configure:9696: test -s conftest.o
configure:9699: $? = 0
configure:9711: result: inline
configure:9726: checking for preprocessor stringizing operator
configure:9751: result: yes
configure:9761: checking for signed types
configure:9783: gcc -c -O0 -g   -I/home/shenlu/applications/tcq-tools/include conftest.c >&5
configure:9786: $? = 0
configure:9789: test -s conftest.o
configure:9792: $? = 0
configure:9803: result: yes
configure:9812: checking for working volatile
configure:9836: gcc -c -O0 -g   -I/home/shenlu/applications/tcq-tools/include conftest.c >&5
configure:9839: $? = 0
configure:9842: test -s conftest.o
configure:9845: $? = 0
configure:9856: result: yes
configure:9866: checking whether struct tm is in sys/time.h or time.h
configure:9890: gcc -c -O0 -g   -I/home/shenlu/applications/tcq-tools/include conftest.c >&5
configure:9893: $? = 0
configure:9896: test -s conftest.o
configure:9899: $? = 0
configure:9910: result: time.h
configure:9920: checking for struct tm.tm_zone
configure:9947: gcc -c -O0 -g   -I/home/shenlu/applications/tcq-tools/include conftest.c >&5
configure:9950: $? = 0
configure:9953: test -s conftest.o
configure:9956: $? = 0
configure:10007: result: yes
configure:10082: checking for union semun
configure:10110: gcc -c -O0 -g   -I/home/shenlu/applications/tcq-tools/include conftest.c >&5
configure: In function 'main':
configure:10145:13: error: invalid application of 'sizeof' to incomplete type 'union semun'
configure:10113: $? = 1
configure: failed program was:
| #line 10087 "configure"
| /* confdefs.h.  */
| 
| #define PACKAGE_NAME "PostgreSQL"
| #define PACKAGE_TARNAME "postgresql"
| #define PACKAGE_VERSION "7.3.2"
| #define PACKAGE_STRING "PostgreSQL 7.3.2"
| #define PACKAGE_BUGREPORT "pgsql-bugs@postgresql.org"
| #define PG_VERSION "2.1"
| #define DEF_PGPORT 5432
| #define DEF_PGPORT_STR "5432"
| #define DEF_MAXBACKENDS 32
| #define PG_VERSION_STR "PostgreSQL 2.1 on x86_64-unknown-linux-gnu, compiled by GCC gcc (Ubuntu 5.4.0-6ubuntu1~16.04.9) 5.4.0 20160609"
| #define USE_ASSERT_CHECKING 1
| #define PG_KRB_SRVNAM "postgres"
| #define HAVE_LIBM 1
| #define HAVE_LIBDL 1
| #define HAVE_LIBNSL 1
| #define HAVE_LIBRESOLV 1
| #define HAVE_LIBMM 1
| #define HAVE_LIBJUDY 1
| #define HAVE_LIBPTHREAD 1
| #define HAVE_LIBZ 1
| #define STDC_HEADERS 1
| #define HAVE_SYS_TYPES_H 1
| #define HAVE_SYS_STAT_H 1
| #define HAVE_STDLIB_H 1
| #define HAVE_STRING_H 1
| #define HAVE_MEMORY_H 1
| #define HAVE_STRINGS_H 1
| #define HAVE_INTTYPES_H 1
| #define HAVE_STDINT_H 1
| #define HAVE_UNISTD_H 1
| #define HAVE_CRYPT_H 1
| #define HAVE_ENDIAN_H 1
| #define HAVE_GETOPT_H 1
| #define HAVE_PWD_H 1
| #define HAVE_SYS_IPC_H 1
| #define HAVE_SYS_SELECT_H 1
| #define HAVE_SYS_SEM_H 1
| #define HAVE_SYS_SOCKET_H 1
| #define HAVE_SYS_SHM_H 1
| #define HAVE_SYS_UN_H 1
| #define HAVE_TERMIOS_H 1
| #define HAVE_NETINET_IN_H 1
| #define HAVE_NETINET_TCP_H 1
| #define HAVE_STRINGIZE 1
| #define HAVE_STRUCT_TM_TM_ZONE 1
| #define HAVE_TM_ZONE 1
| /* end confdefs.h.  */
| #include <sys/types.h>
| #include <sys/ipc.h>
| #include <sys/sem.h>
| 
| int
| main ()
| {
| if ((union semun *) 0)
|   return 0;
| if (sizeof (union semun))
|   return 0;
|   ;
|   return 0;
| }
configure:10130: result: no
configure:10141: checking for struct sockaddr_un
configure:10171: gcc -c -O0 -g   -I/home/shenlu/applications/tcq-tools/include conftest.c >&5
configure:10174: $? = 0
configure:10177: test -s conftest.o
configure:10180: $? = 0
configure:10191: result: yes
configure:10203: checking for struct cmsgcred
configure:10231: gcc -c -O0 -g   -I/home/shenlu/applications/tcq-tools/include conftest.c >&5
configure:10260:23: fatal error: sys/ucred.h: No such file or directory
compilation terminated.
configure:10234: $? = 1
configure: failed program was:
| #line 10208 "configure"
| /* confdefs.h.  */
| 
| #define PACKAGE_NAME "PostgreSQL"
| #define PACKAGE_TARNAME "postgresql"
| #define PACKAGE_VERSION "7.3.2"
| #define PACKAGE_STRING "PostgreSQL 7.3.2"
| #define PACKAGE_BUGREPORT "pgsql-bugs@postgresql.org"
| #define PG_VERSION "2.1"
| #define DEF_PGPORT 5432
| #define DEF_PGPORT_STR "5432"
| #define DEF_MAXBACKENDS 32
| #define PG_VERSION_STR "PostgreSQL 2.1 on x86_64-unknown-linux-gnu, compiled by GCC gcc (Ubuntu 5.4.0-6ubuntu1~16.04.9) 5.4.0 20160609"
| #define USE_ASSERT_CHECKING 1
| #define PG_KRB_SRVNAM "postgres"
| #define HAVE_LIBM 1
| #define HAVE_LIBDL 1
| #define HAVE_LIBNSL 1
| #define HAVE_LIBRESOLV 1
| #define HAVE_LIBMM 1
| #define HAVE_LIBJUDY 1
| #define HAVE_LIBPTHREAD 1
| #define HAVE_LIBZ 1
| #define STDC_HEADERS 1
| #define HAVE_SYS_TYPES_H 1
| #define HAVE_SYS_STAT_H 1
| #define HAVE_STDLIB_H 1
| #define HAVE_STRING_H 1
| #define HAVE_MEMORY_H 1
| #define HAVE_STRINGS_H 1
| #define HAVE_INTTYPES_H 1
| #define HAVE_STDINT_H 1
| #define HAVE_UNISTD_H 1
| #define HAVE_CRYPT_H 1
| #define HAVE_ENDIAN_H 1
| #define HAVE_GETOPT_H 1
| #define HAVE_PWD_H 1
| #define HAVE_SYS_IPC_H 1
| #define HAVE_SYS_SELECT_H 1
| #define HAVE_SYS_SEM_H 1
| #define HAVE_SYS_SOCKET_H 1
| #define HAVE_SYS_SHM_H 1
| #define HAVE_SYS_UN_H 1
| #define HAVE_TERMIOS_H 1
| #define HAVE_NETINET_IN_H 1
| #define HAVE_NETINET_TCP_H 1
| #define HAVE_STRINGIZE 1
| #define HAVE_STRUCT_TM_TM_ZONE 1
| #define HAVE_TM_ZONE 1
| #define HAVE_STRUCT_SOCKADDR_UN 1
| /* end confdefs.h.  */
| #include <sys/param.h>
| #include <sys/socket.h>
| #include <sys/ucred.h>
| 
| int
| main ()
| {
| if ((struct cmsgcred *) 0)
|   return 0;
| if (sizeof (struct cmsgcred))
|   return 0;
|   ;
|   return 0;
| }
configure:10251: result: no
configure:10261: checking for struct fcred
configure:10289: gcc -c -O0 -g   -I/home/shenlu/applications/tcq-tools/include conftest.c >&5
configure:10318:23: fatal error: sys/ucred.h: No such file or directory
compilation terminated.
configure:10292: $? = 1
configure: failed program was:
| #line 10266 "configure"
| /* confdefs.h.  */
| 
| #define PACKAGE_NAME "PostgreSQL"
| #define PACKAGE_TARNAME "postgresql"
| #define PACKAGE_VERSION "7.3.2"
| #define PACKAGE_STRING "PostgreSQL 7.3.2"
| #define PACKAGE_BUGREPORT "pgsql-bugs@postgresql.org"
| #define PG_VERSION "2.1"
| #define DEF_PGPORT 5432
| #define DEF_PGPORT_STR "5432"
| #define DEF_MAXBACKENDS 32
| #define PG_VERSION_STR "PostgreSQL 2.1 on x86_64-unknown-linux-gnu, compiled by GCC gcc (Ubuntu 5.4.0-6ubuntu1~16.04.9) 5.4.0 20160609"
| #define USE_ASSERT_CHECKING 1
| #define PG_KRB_SRVNAM "postgres"
| #define HAVE_LIBM 1
| #define HAVE_LIBDL 1
| #define HAVE_LIBNSL 1
| #define HAVE_LIBRESOLV 1
| #define HAVE_LIBMM 1
| #define HAVE_LIBJUDY 1
| #define HAVE_LIBPTHREAD 1
| #define HAVE_LIBZ 1
| #define STDC_HEADERS 1
| #define HAVE_SYS_TYPES_H 1
| #define HAVE_SYS_STAT_H 1
| #define HAVE_STDLIB_H 1
| #define HAVE_STRING_H 1
| #define HAVE_MEMORY_H 1
| #define HAVE_STRINGS_H 1
| #define HAVE_INTTYPES_H 1
| #define HAVE_STDINT_H 1
| #define HAVE_UNISTD_H 1
| #define HAVE_CRYPT_H 1
| #define HAVE_ENDIAN_H 1
| #define HAVE_GETOPT_H 1
| #define HAVE_PWD_H 1
| #define HAVE_SYS_IPC_H 1
| #define HAVE_SYS_SELECT_H 1
| #define HAVE_SYS_SEM_H 1
| #define HAVE_SYS_SOCKET_H 1
| #define HAVE_SYS_SHM_H 1
| #define HAVE_SYS_UN_H 1
| #define HAVE_TERMIOS_H 1
| #define HAVE_NETINET_IN_H 1
| #define HAVE_NETINET_TCP_H 1
| #define HAVE_STRINGIZE 1
| #define HAVE_STRUCT_TM_TM_ZONE 1
| #define HAVE_TM_ZONE 1
| #define HAVE_STRUCT_SOCKADDR_UN 1
| /* end confdefs.h.  */
| #include <sys/param.h>
| #include <sys/socket.h>
| #include <sys/ucred.h>
| 
| int
| main ()
| {
| if ((struct fcred *) 0)
|   return 0;
| if (sizeof (struct fcred))
|   return 0;
|   ;
|   return 0;
| }
configure:10309: result: no
configure:10319: checking for struct sockcred
configure:10347: gcc -c -O0 -g   -I/home/shenlu/applications/tcq-tools/include conftest.c >&5
configure:10376:23: fatal error: sys/ucred.h: No such file or directory
compilation terminated.
configure:10350: $? = 1
configure: failed program was:
| #line 10324 "configure"
| /* confdefs.h.  */
| 
| #define PACKAGE_NAME "PostgreSQL"
| #define PACKAGE_TARNAME "postgresql"
| #define PACKAGE_VERSION "7.3.2"
| #define PACKAGE_STRING "PostgreSQL 7.3.2"
| #define PACKAGE_BUGREPORT "pgsql-bugs@postgresql.org"
| #define PG_VERSION "2.1"
| #define DEF_PGPORT 5432
| #define DEF_PGPORT_STR "5432"
| #define DEF_MAXBACKENDS 32
| #define PG_VERSION_STR "PostgreSQL 2.1 on x86_64-unknown-linux-gnu, compiled by GCC gcc (Ubuntu 5.4.0-6ubuntu1~16.04.9) 5.4.0 20160609"
| #define USE_ASSERT_CHECKING 1
| #define PG_KRB_SRVNAM "postgres"
| #define HAVE_LIBM 1
| #define HAVE_LIBDL 1
| #define HAVE_LIBNSL 1
| #define HAVE_LIBRESOLV 1
| #define HAVE_LIBMM 1
| #define HAVE_LIBJUDY 1
| #define HAVE_LIBPTHREAD 1
| #define HAVE_LIBZ 1
| #define STDC_HEADERS 1
| #define HAVE_SYS_TYPES_H 1
| #define HAVE_SYS_STAT_H 1
| #define HAVE_STDLIB_H 1
| #define HAVE_STRING_H 1
| #define HAVE_MEMORY_H 1
| #define HAVE_STRINGS_H 1
| #define HAVE_INTTYPES_H 1
| #define HAVE_STDINT_H 1
| #define HAVE_UNISTD_H 1
| #define HAVE_CRYPT_H 1
| #define HAVE_ENDIAN_H 1
| #define HAVE_GETOPT_H 1
| #define HAVE_PWD_H 1
| #define HAVE_SYS_IPC_H 1
| #define HAVE_SYS_SELECT_H 1
| #define HAVE_SYS_SEM_H 1
| #define HAVE_SYS_SOCKET_H 1
| #define HAVE_SYS_SHM_H 1
| #define HAVE_SYS_UN_H 1
| #define HAVE_TERMIOS_H 1
| #define HAVE_NETINET_IN_H 1
| #define HAVE_NETINET_TCP_H 1
| #define HAVE_STRINGIZE 1
| #define HAVE_STRUCT_TM_TM_ZONE 1
| #define HAVE_TM_ZONE 1
| #define HAVE_STRUCT_SOCKADDR_UN 1
| /* end confdefs.h.  */
| #include <sys/param.h>
| #include <sys/socket.h>
| #include <sys/ucred.h>
| 
| int
| main ()
| {
| if ((struct sockcred *) 0)
|   return 0;
| if (sizeof (struct sockcred))
|   return 0;
|   ;
|   return 0;
| }
configure:10367: result: no
configure:10383: checking for z_streamp
configure:10409: gcc -c -O0 -g   -I/home/shenlu/applications/tcq-tools/include conftest.c >&5
configure:10412: $? = 0
configure:10415: test -s conftest.o
configure:10418: $? = 0
configure:10429: result: yes
configure:10838: checking for int timezone
configure:10861: gcc -o conftest -O0 -g   -I/home/shenlu/applications/tcq-tools/include   -L/home/shenlu/applications/tcq-tools/lib -Wl,--rpath -Wl,/home/shenlu/applications/tcq-tools/lib conftest.c -lz -lcrypt -lcrypt -lpthread -lJudy -lmm -lresolv -lnsl -ldl -lm  >&5
configure:10864: $? = 0
configure:10867: test -s conftest
configure:10870: $? = 0
configure:10881: result: yes
configure:10890: checking types of arguments for accept()
configure:10927: gcc -c -O0 -g   -I/home/shenlu/applications/tcq-tools/include conftest.c >&5
configure:10961:12: error: conflicting types for 'accept'
In file included from configure:10959:0:
/usr/include/x86_64-linux-gnu/sys/socket.h:243:12: note: previous declaration of 'accept' was here
 extern int accept (int __fd, __SOCKADDR_ARG __addr,
            ^
configure:10930: $? = 1
configure: failed program was:
| #line 10904 "configure"
| /* confdefs.h.  */
| 
| #define PACKAGE_NAME "PostgreSQL"
| #define PACKAGE_TARNAME "postgresql"
| #define PACKAGE_VERSION "7.3.2"
| #define PACKAGE_STRING "PostgreSQL 7.3.2"
| #define PACKAGE_BUGREPORT "pgsql-bugs@postgresql.org"
| #define PG_VERSION "2.1"
| #define DEF_PGPORT 5432
| #define DEF_PGPORT_STR "5432"
| #define DEF_MAXBACKENDS 32
| #define PG_VERSION_STR "PostgreSQL 2.1 on x86_64-unknown-linux-gnu, compiled by GCC gcc (Ubuntu 5.4.0-6ubuntu1~16.04.9) 5.4.0 20160609"
| #define USE_ASSERT_CHECKING 1
| #define PG_KRB_SRVNAM "postgres"
| #define HAVE_LIBM 1
| #define HAVE_LIBDL 1
| #define HAVE_LIBNSL 1
| #define HAVE_LIBRESOLV 1
| #define HAVE_LIBMM 1
| #define HAVE_LIBJUDY 1
| #define HAVE_LIBPTHREAD 1
| #define HAVE_LIBZ 1
| #define STDC_HEADERS 1
| #define HAVE_SYS_TYPES_H 1
| #define HAVE_SYS_STAT_H 1
| #define HAVE_STDLIB_H 1
| #define HAVE_STRING_H 1
| #define HAVE_MEMORY_H 1
| #define HAVE_STRINGS_H 1
| #define HAVE_INTTYPES_H 1
| #define HAVE_STDINT_H 1
| #define HAVE_UNISTD_H 1
| #define HAVE_CRYPT_H 1
| #define HAVE_ENDIAN_H 1
| #define HAVE_GETOPT_H 1
| #define HAVE_PWD_H 1
| #define HAVE_SYS_IPC_H 1
| #define HAVE_SYS_SELECT_H 1
| #define HAVE_SYS_SEM_H 1
| #define HAVE_SYS_SOCKET_H 1
| #define HAVE_SYS_SHM_H 1
| #define HAVE_SYS_UN_H 1
| #define HAVE_TERMIOS_H 1
| #define HAVE_NETINET_IN_H 1
| #define HAVE_NETINET_TCP_H 1
| #define HAVE_STRINGIZE 1
| #define HAVE_STRUCT_TM_TM_ZONE 1
| #define HAVE_TM_ZONE 1
| #define HAVE_STRUCT_SOCKADDR_UN 1
| #define HAVE_INT_TIMEZONE
| /* end confdefs.h.  */
| #ifdef HAVE_SYS_TYPES_H
| #include <sys/types.h>
| #endif
| #ifdef HAVE_SYS_SOCKET_H
| #include <sys/socket.h>
| #endif
| extern int accept (int, struct sockaddr *, int *);
| int
| main ()
| {
| 
|   ;
|   return 0;
| }
configure:10927: gcc -c -O0 -g   -I/home/shenlu/applications/tcq-tools/include conftest.c >&5
configure:10961:12: error: conflicting types for 'accept'
In file included from configure:10959:0:
/usr/include/x86_64-linux-gnu/sys/socket.h:243:12: note: previous declaration of 'accept' was here
 extern int accept (int __fd, __SOCKADDR_ARG __addr,
            ^
configure:10930: $? = 1
configure: failed program was:
| #line 10904 "configure"
| /* confdefs.h.  */
| 
| #define PACKAGE_NAME "PostgreSQL"
| #define PACKAGE_TARNAME "postgresql"
| #define PACKAGE_VERSION "7.3.2"
| #define PACKAGE_STRING "PostgreSQL 7.3.2"
| #define PACKAGE_BUGREPORT "pgsql-bugs@postgresql.org"
| #define PG_VERSION "2.1"
| #define DEF_PGPORT 5432
| #define DEF_PGPORT_STR "5432"
| #define DEF_MAXBACKENDS 32
| #define PG_VERSION_STR "PostgreSQL 2.1 on x86_64-unknown-linux-gnu, compiled by GCC gcc (Ubuntu 5.4.0-6ubuntu1~16.04.9) 5.4.0 20160609"
| #define USE_ASSERT_CHECKING 1
| #define PG_KRB_SRVNAM "postgres"
| #define HAVE_LIBM 1
| #define HAVE_LIBDL 1
| #define HAVE_LIBNSL 1
| #define HAVE_LIBRESOLV 1
| #define HAVE_LIBMM 1
| #define HAVE_LIBJUDY 1
| #define HAVE_LIBPTHREAD 1
| #define HAVE_LIBZ 1
| #define STDC_HEADERS 1
| #define HAVE_SYS_TYPES_H 1
| #define HAVE_SYS_STAT_H 1
| #define HAVE_STDLIB_H 1
| #define HAVE_STRING_H 1
| #define HAVE_MEMORY_H 1
| #define HAVE_STRINGS_H 1
| #define HAVE_INTTYPES_H 1
| #define HAVE_STDINT_H 1
| #define HAVE_UNISTD_H 1
| #define HAVE_CRYPT_H 1
| #define HAVE_ENDIAN_H 1
| #define HAVE_GETOPT_H 1
| #define HAVE_PWD_H 1
| #define HAVE_SYS_IPC_H 1
| #define HAVE_SYS_SELECT_H 1
| #define HAVE_SYS_SEM_H 1
| #define HAVE_SYS_SOCKET_H 1
| #define HAVE_SYS_SHM_H 1
| #define HAVE_SYS_UN_H 1
| #define HAVE_TERMIOS_H 1
| #define HAVE_NETINET_IN_H 1
| #define HAVE_NETINET_TCP_H 1
| #define HAVE_STRINGIZE 1
| #define HAVE_STRUCT_TM_TM_ZONE 1
| #define HAVE_TM_ZONE 1
| #define HAVE_STRUCT_SOCKADDR_UN 1
| #define HAVE_INT_TIMEZONE
| /* end confdefs.h.  */
| #ifdef HAVE_SYS_TYPES_H
| #include <sys/types.h>
| #endif
| #ifdef HAVE_SYS_SOCKET_H
| #include <sys/socket.h>
| #endif
| extern int accept (int, struct sockaddr *, size_t *);
| int
| main ()
| {
| 
|   ;
|   return 0;
| }
configure:10927: gcc -c -O0 -g   -I/home/shenlu/applications/tcq-tools/include conftest.c >&5
configure:10930: $? = 0
configure:10933: test -s conftest.o
configure:10936: $? = 0
configure:10963: result: int, struct sockaddr *, socklen_t *
configure:10981: checking whether gettimeofday takes only one argument
configure:11005: gcc -c -O0 -g   -I/home/shenlu/applications/tcq-tools/include conftest.c >&5
configure:11008: $? = 0
configure:11011: test -s conftest.o
configure:11014: $? = 0
configure:11025: result: no
configure:11036: checking for working memcmp
configure:11085: gcc -o conftest -O0 -g   -I/home/shenlu/applications/tcq-tools/include   -L/home/shenlu/applications/tcq-tools/lib -Wl,--rpath -Wl,/home/shenlu/applications/tcq-tools/lib conftest.c -lz -lcrypt -lcrypt -lpthread -lJudy -lmm -lresolv -lnsl -ldl -lm  >&5
configure: In function 'main':
configure:11105:7: warning: implicit declaration of function 'memcmp' [-Wimplicit-function-declaration]
configure:11106:5: warning: implicit declaration of function 'exit' [-Wimplicit-function-declaration]
configure:11106:5: warning: incompatible implicit declaration of built-in function 'exit'
configure:11106:5: note: include '<stdlib.h>' or provide a declaration of 'exit'
configure:11119:9: warning: implicit declaration of function 'strcpy' [-Wimplicit-function-declaration]
configure:11119:9: warning: incompatible implicit declaration of built-in function 'strcpy'
configure:11119:9: note: include '<string.h>' or provide a declaration of 'strcpy'
configure:11122:11: warning: incompatible implicit declaration of built-in function 'exit'
configure:11122:11: note: include '<stdlib.h>' or provide a declaration of 'exit'
configure:11124:5: warning: incompatible implicit declaration of built-in function 'exit'
 for ac_func in cbrt fcvt getopt_long memmove pstat setproctitle setsid sigprocmask sysconf waitpid dlopen fdatasync
     ^
configure:11124:5: note: include '<stdlib.h>' or provide a declaration of 'exit'
configure:11088: $? = 0
configure:11090: ./conftest
configure:11093: $? = 0
configure:11107: result: yes
configure:11127: checking for cbrt
configure:11177: gcc -o conftest -O0 -g   -I/home/shenlu/applications/tcq-tools/include   -L/home/shenlu/applications/tcq-tools/lib -Wl,--rpath -Wl,/home/shenlu/applications/tcq-tools/lib conftest.c -lz -lcrypt -lcrypt -lpthread -lJudy -lmm -lresolv -lnsl -ldl -lm  >&5
configure:11202:6: warning: conflicting types for built-in function 'cbrt'
 _ACEOF
      ^
configure:11180: $? = 0
configure:11183: test -s conftest
configure:11186: $? = 0
configure:11197: result: yes
configure:11127: checking for fcvt
configure:11177: gcc -o conftest -O0 -g   -I/home/shenlu/applications/tcq-tools/include   -L/home/shenlu/applications/tcq-tools/lib -Wl,--rpath -Wl,/home/shenlu/applications/tcq-tools/lib conftest.c -lz -lcrypt -lcrypt -lpthread -lJudy -lmm -lresolv -lnsl -ldl -lm  >&5
configure:11180: $? = 0
configure:11183: test -s conftest
configure:11186: $? = 0
configure:11197: result: yes
configure:11127: checking for getopt_long
configure:11177: gcc -o conftest -O0 -g   -I/home/shenlu/applications/tcq-tools/include   -L/home/shenlu/applications/tcq-tools/lib -Wl,--rpath -Wl,/home/shenlu/applications/tcq-tools/lib conftest.c -lz -lcrypt -lcrypt -lpthread -lJudy -lmm -lresolv -lnsl -ldl -lm  >&5
configure:11180: $? = 0
configure:11183: test -s conftest
configure:11186: $? = 0
configure:11197: result: yes
configure:11127: checking for memmove
configure:11177: gcc -o conftest -O0 -g   -I/home/shenlu/applications/tcq-tools/include   -L/home/shenlu/applications/tcq-tools/lib -Wl,--rpath -Wl,/home/shenlu/applications/tcq-tools/lib conftest.c -lz -lcrypt -lcrypt -lpthread -lJudy -lmm -lresolv -lnsl -ldl -lm  >&5
configure:11205:6: warning: conflicting types for built-in function 'memmove'
configure:11180: $? = 0
configure:11183: test -s conftest
configure:11186: $? = 0
configure:11197: result: yes
configure:11127: checking for pstat
configure:11177: gcc -o conftest -O0 -g   -I/home/shenlu/applications/tcq-tools/include   -L/home/shenlu/applications/tcq-tools/lib -Wl,--rpath -Wl,/home/shenlu/applications/tcq-tools/lib conftest.c -lz -lcrypt -lcrypt -lpthread -lJudy -lmm -lresolv -lnsl -ldl -lm  >&5
/tmp/ccS1KZ4S.o: In function `main':
/home/shenlu/software/TelegraphCQ-2.1/configure:11222: undefined reference to `pstat'
/tmp/ccS1KZ4S.o:(.data+0x0): undefined reference to `pstat'
collect2: error: ld returned 1 exit status
configure:11180: $? = 1
configure: failed program was:
| #line 11132 "configure"
| /* confdefs.h.  */
| 
| #define PACKAGE_NAME "PostgreSQL"
| #define PACKAGE_TARNAME "postgresql"
| #define PACKAGE_VERSION "7.3.2"
| #define PACKAGE_STRING "PostgreSQL 7.3.2"
| #define PACKAGE_BUGREPORT "pgsql-bugs@postgresql.org"
| #define PG_VERSION "2.1"
| #define DEF_PGPORT 5432
| #define DEF_PGPORT_STR "5432"
| #define DEF_MAXBACKENDS 32
| #define PG_VERSION_STR "PostgreSQL 2.1 on x86_64-unknown-linux-gnu, compiled by GCC gcc (Ubuntu 5.4.0-6ubuntu1~16.04.9) 5.4.0 20160609"
| #define USE_ASSERT_CHECKING 1
| #define PG_KRB_SRVNAM "postgres"
| #define HAVE_LIBM 1
| #define HAVE_LIBDL 1
| #define HAVE_LIBNSL 1
| #define HAVE_LIBRESOLV 1
| #define HAVE_LIBMM 1
| #define HAVE_LIBJUDY 1
| #define HAVE_LIBPTHREAD 1
| #define HAVE_LIBZ 1
| #define STDC_HEADERS 1
| #define HAVE_SYS_TYPES_H 1
| #define HAVE_SYS_STAT_H 1
| #define HAVE_STDLIB_H 1
| #define HAVE_STRING_H 1
| #define HAVE_MEMORY_H 1
| #define HAVE_STRINGS_H 1
| #define HAVE_INTTYPES_H 1
| #define HAVE_STDINT_H 1
| #define HAVE_UNISTD_H 1
| #define HAVE_CRYPT_H 1
| #define HAVE_ENDIAN_H 1
| #define HAVE_GETOPT_H 1
| #define HAVE_PWD_H 1
| #define HAVE_SYS_IPC_H 1
| #define HAVE_SYS_SELECT_H 1
| #define HAVE_SYS_SEM_H 1
| #define HAVE_SYS_SOCKET_H 1
| #define HAVE_SYS_SHM_H 1
| #define HAVE_SYS_UN_H 1
| #define HAVE_TERMIOS_H 1
| #define HAVE_NETINET_IN_H 1
| #define HAVE_NETINET_TCP_H 1
| #define HAVE_STRINGIZE 1
| #define HAVE_STRUCT_TM_TM_ZONE 1
| #define HAVE_TM_ZONE 1
| #define HAVE_STRUCT_SOCKADDR_UN 1
| #define HAVE_INT_TIMEZONE
| #define ACCEPT_TYPE_ARG1 int
| #define ACCEPT_TYPE_ARG2 struct sockaddr *
| #define ACCEPT_TYPE_ARG3 socklen_t
| #define HAVE_CBRT 1
| #define HAVE_FCVT 1
| #define HAVE_GETOPT_LONG 1
| #define HAVE_MEMMOVE 1
| /* end confdefs.h.  */
| /* System header to define __stub macros and hopefully few prototypes,
|     which can conflict with char pstat (); below.
|     Prefer <limits.h> to <assert.h> if __STDC__ is defined, since
|     <limits.h> exists even on freestanding compilers.  */
| #ifdef __STDC__
| # include <limits.h>
| #else
| # include <assert.h>
| #endif
| /* Override any gcc2 internal prototype to avoid an error.  */
| #ifdef __cplusplus
| extern "C"
| {
| #endif
| /* We use char because int might match the return type of a gcc2
|    builtin and then its argument prototype would still apply.  */
| char pstat ();
| /* The GNU C library defines this for functions which it implements
|     to always fail with ENOSYS.  Some functions are actually named
|     something starting with __ and the normal name is an alias.  */
| #if defined (__stub_pstat) || defined (__stub___pstat)
| choke me
| #else
| char (*f) () = pstat;
| #endif
| #ifdef __cplusplus
| }
| #endif
| 
| int
| main ()
| {
| return f != pstat;
|   ;
|   return 0;
| }
configure:11197: result: no
configure:11127: checking for setproctitle
configure:11177: gcc -o conftest -O0 -g   -I/home/shenlu/applications/tcq-tools/include   -L/home/shenlu/applications/tcq-tools/lib -Wl,--rpath -Wl,/home/shenlu/applications/tcq-tools/lib conftest.c -lz -lcrypt -lcrypt -lpthread -lJudy -lmm -lresolv -lnsl -ldl -lm  >&5
/tmp/ccuJcxNU.o: In function `main':
/home/shenlu/software/TelegraphCQ-2.1/configure:11222: undefined reference to `setproctitle'
/tmp/ccuJcxNU.o:(.data+0x0): undefined reference to `setproctitle'
collect2: error: ld returned 1 exit status
configure:11180: $? = 1
configure: failed program was:
| #line 11132 "configure"
| /* confdefs.h.  */
| 
| #define PACKAGE_NAME "PostgreSQL"
| #define PACKAGE_TARNAME "postgresql"
| #define PACKAGE_VERSION "7.3.2"
| #define PACKAGE_STRING "PostgreSQL 7.3.2"
| #define PACKAGE_BUGREPORT "pgsql-bugs@postgresql.org"
| #define PG_VERSION "2.1"
| #define DEF_PGPORT 5432
| #define DEF_PGPORT_STR "5432"
| #define DEF_MAXBACKENDS 32
| #define PG_VERSION_STR "PostgreSQL 2.1 on x86_64-unknown-linux-gnu, compiled by GCC gcc (Ubuntu 5.4.0-6ubuntu1~16.04.9) 5.4.0 20160609"
| #define USE_ASSERT_CHECKING 1
| #define PG_KRB_SRVNAM "postgres"
| #define HAVE_LIBM 1
| #define HAVE_LIBDL 1
| #define HAVE_LIBNSL 1
| #define HAVE_LIBRESOLV 1
| #define HAVE_LIBMM 1
| #define HAVE_LIBJUDY 1
| #define HAVE_LIBPTHREAD 1
| #define HAVE_LIBZ 1
| #define STDC_HEADERS 1
| #define HAVE_SYS_TYPES_H 1
| #define HAVE_SYS_STAT_H 1
| #define HAVE_STDLIB_H 1
| #define HAVE_STRING_H 1
| #define HAVE_MEMORY_H 1
| #define HAVE_STRINGS_H 1
| #define HAVE_INTTYPES_H 1
| #define HAVE_STDINT_H 1
| #define HAVE_UNISTD_H 1
| #define HAVE_CRYPT_H 1
| #define HAVE_ENDIAN_H 1
| #define HAVE_GETOPT_H 1
| #define HAVE_PWD_H 1
| #define HAVE_SYS_IPC_H 1
| #define HAVE_SYS_SELECT_H 1
| #define HAVE_SYS_SEM_H 1
| #define HAVE_SYS_SOCKET_H 1
| #define HAVE_SYS_SHM_H 1
| #define HAVE_SYS_UN_H 1
| #define HAVE_TERMIOS_H 1
| #define HAVE_NETINET_IN_H 1
| #define HAVE_NETINET_TCP_H 1
| #define HAVE_STRINGIZE 1
| #define HAVE_STRUCT_TM_TM_ZONE 1
| #define HAVE_TM_ZONE 1
| #define HAVE_STRUCT_SOCKADDR_UN 1
| #define HAVE_INT_TIMEZONE
| #define ACCEPT_TYPE_ARG1 int
| #define ACCEPT_TYPE_ARG2 struct sockaddr *
| #define ACCEPT_TYPE_ARG3 socklen_t
| #define HAVE_CBRT 1
| #define HAVE_FCVT 1
| #define HAVE_GETOPT_LONG 1
| #define HAVE_MEMMOVE 1
| /* end confdefs.h.  */
| /* System header to define __stub macros and hopefully few prototypes,
|     which can conflict with char setproctitle (); below.
|     Prefer <limits.h> to <assert.h> if __STDC__ is defined, since
|     <limits.h> exists even on freestanding compilers.  */
| #ifdef __STDC__
| # include <limits.h>
| #else
| # include <assert.h>
| #endif
| /* Override any gcc2 internal prototype to avoid an error.  */
| #ifdef __cplusplus
| extern "C"
| {
| #endif
| /* We use char because int might match the return type of a gcc2
|    builtin and then its argument prototype would still apply.  */
| char setproctitle ();
| /* The GNU C library defines this for functions which it implements
|     to always fail with ENOSYS.  Some functions are actually named
|     something starting with __ and the normal name is an alias.  */
| #if defined (__stub_setproctitle) || defined (__stub___setproctitle)
| choke me
| #else
| char (*f) () = setproctitle;
| #endif
| #ifdef __cplusplus
| }
| #endif
| 
| int
| main ()
| {
| return f != setproctitle;
|   ;
|   return 0;
| }
configure:11197: result: no
configure:11127: checking for setsid
configure:11177: gcc -o conftest -O0 -g   -I/home/shenlu/applications/tcq-tools/include   -L/home/shenlu/applications/tcq-tools/lib -Wl,--rpath -Wl,/home/shenlu/applications/tcq-tools/lib conftest.c -lz -lcrypt -lcrypt -lpthread -lJudy -lmm -lresolv -lnsl -ldl -lm  >&5
configure:11180: $? = 0
configure:11183: test -s conftest
configure:11186: $? = 0
configure:11197: result: yes
configure:11127: checking for sigprocmask
configure:11177: gcc -o conftest -O0 -g   -I/home/shenlu/applications/tcq-tools/include   -L/home/shenlu/applications/tcq-tools/lib -Wl,--rpath -Wl,/home/shenlu/applications/tcq-tools/lib conftest.c -lz -lcrypt -lcrypt -lpthread -lJudy -lmm -lresolv -lnsl -ldl -lm  >&5
configure:11180: $? = 0
configure:11183: test -s conftest
configure:11186: $? = 0
configure:11197: result: yes
configure:11127: checking for sysconf
configure:11177: gcc -o conftest -O0 -g   -I/home/shenlu/applications/tcq-tools/include   -L/home/shenlu/applications/tcq-tools/lib -Wl,--rpath -Wl,/home/shenlu/applications/tcq-tools/lib conftest.c -lz -lcrypt -lcrypt -lpthread -lJudy -lmm -lresolv -lnsl -ldl -lm  >&5
configure:11180: $? = 0
configure:11183: test -s conftest
configure:11186: $? = 0
configure:11197: result: yes
configure:11127: checking for waitpid
configure:11177: gcc -o conftest -O0 -g   -I/home/shenlu/applications/tcq-tools/include   -L/home/shenlu/applications/tcq-tools/lib -Wl,--rpath -Wl,/home/shenlu/applications/tcq-tools/lib conftest.c -lz -lcrypt -lcrypt -lpthread -lJudy -lmm -lresolv -lnsl -ldl -lm  >&5
configure:11180: $? = 0
configure:11183: test -s conftest
configure:11186: $? = 0
configure:11197: result: yes
configure:11127: checking for dlopen
configure:11177: gcc -o conftest -O0 -g   -I/home/shenlu/applications/tcq-tools/include   -L/home/shenlu/applications/tcq-tools/lib -Wl,--rpath -Wl,/home/shenlu/applications/tcq-tools/lib conftest.c -lz -lcrypt -lcrypt -lpthread -lJudy -lmm -lresolv -lnsl -ldl -lm  >&5
configure:11180: $? = 0
configure:11183: test -s conftest
configure:11186: $? = 0
configure:11197: result: yes
configure:11127: checking for fdatasync
configure:11177: gcc -o conftest -O0 -g   -I/home/shenlu/applications/tcq-tools/include   -L/home/shenlu/applications/tcq-tools/lib -Wl,--rpath -Wl,/home/shenlu/applications/tcq-tools/lib conftest.c -lz -lcrypt -lcrypt -lpthread -lJudy -lmm -lresolv -lnsl -ldl -lm  >&5
configure:11180: $? = 0
configure:11183: test -s conftest
configure:11186: $? = 0
configure:11197: result: yes
configure:11208: checking whether fdatasync is declared
configure:11234: gcc -c -O0 -g   -I/home/shenlu/applications/tcq-tools/include conftest.c >&5
configure:11237: $? = 0
configure:11240: test -s conftest.o
configure:11243: $? = 0
configure:11254: result: yes
configure:11273: checking for PS_STRINGS
configure:11298: gcc -o conftest -O0 -g   -I/home/shenlu/applications/tcq-tools/include   -L/home/shenlu/applications/tcq-tools/lib -Wl,--rpath -Wl,/home/shenlu/applications/tcq-tools/lib conftest.c -lz -lcrypt -lcrypt -lpthread -lJudy -lmm -lresolv -lnsl -ldl -lm  >&5
configure:11343:29: fatal error: machine/vmparam.h: No such file or directory
compilation terminated.
configure:11301: $? = 1
configure: failed program was:
| #line 11278 "configure"
| /* confdefs.h.  */
| 
| #define PACKAGE_NAME "PostgreSQL"
| #define PACKAGE_TARNAME "postgresql"
| #define PACKAGE_VERSION "7.3.2"
| #define PACKAGE_STRING "PostgreSQL 7.3.2"
| #define PACKAGE_BUGREPORT "pgsql-bugs@postgresql.org"
| #define PG_VERSION "2.1"
| #define DEF_PGPORT 5432
| #define DEF_PGPORT_STR "5432"
| #define DEF_MAXBACKENDS 32
| #define PG_VERSION_STR "PostgreSQL 2.1 on x86_64-unknown-linux-gnu, compiled by GCC gcc (Ubuntu 5.4.0-6ubuntu1~16.04.9) 5.4.0 20160609"
| #define USE_ASSERT_CHECKING 1
| #define PG_KRB_SRVNAM "postgres"
| #define HAVE_LIBM 1
| #define HAVE_LIBDL 1
| #define HAVE_LIBNSL 1
| #define HAVE_LIBRESOLV 1
| #define HAVE_LIBMM 1
| #define HAVE_LIBJUDY 1
| #define HAVE_LIBPTHREAD 1
| #define HAVE_LIBZ 1
| #define STDC_HEADERS 1
| #define HAVE_SYS_TYPES_H 1
| #define HAVE_SYS_STAT_H 1
| #define HAVE_STDLIB_H 1
| #define HAVE_STRING_H 1
| #define HAVE_MEMORY_H 1
| #define HAVE_STRINGS_H 1
| #define HAVE_INTTYPES_H 1
| #define HAVE_STDINT_H 1
| #define HAVE_UNISTD_H 1
| #define HAVE_CRYPT_H 1
| #define HAVE_ENDIAN_H 1
| #define HAVE_GETOPT_H 1
| #define HAVE_PWD_H 1
| #define HAVE_SYS_IPC_H 1
| #define HAVE_SYS_SELECT_H 1
| #define HAVE_SYS_SEM_H 1
| #define HAVE_SYS_SOCKET_H 1
| #define HAVE_SYS_SHM_H 1
| #define HAVE_SYS_UN_H 1
| #define HAVE_TERMIOS_H 1
| #define HAVE_NETINET_IN_H 1
| #define HAVE_NETINET_TCP_H 1
| #define HAVE_STRINGIZE 1
| #define HAVE_STRUCT_TM_TM_ZONE 1
| #define HAVE_TM_ZONE 1
| #define HAVE_STRUCT_SOCKADDR_UN 1
| #define HAVE_INT_TIMEZONE
| #define ACCEPT_TYPE_ARG1 int
| #define ACCEPT_TYPE_ARG2 struct sockaddr *
| #define ACCEPT_TYPE_ARG3 socklen_t
| #define HAVE_CBRT 1
| #define HAVE_FCVT 1
| #define HAVE_GETOPT_LONG 1
| #define HAVE_MEMMOVE 1
| #define HAVE_SETSID 1
| #define HAVE_SIGPROCMASK 1
| #define HAVE_SYSCONF 1
| #define HAVE_WAITPID 1
| #define HAVE_DLOPEN 1
| #define HAVE_FDATASYNC 1
| #define HAVE_DECL_FDATASYNC 1
| /* end confdefs.h.  */
| #include <machine/vmparam.h>
| #include <sys/exec.h>
| 
| int
| main ()
| {
| PS_STRINGS->ps_nargvstr = 1;
| PS_STRINGS->ps_argvstr = "foo";
|   ;
|   return 0;
| }
configure:11318: result: no
configure:11339: checking for snprintf
configure:11389: gcc -o conftest -O0 -g   -I/home/shenlu/applications/tcq-tools/include   -L/home/shenlu/applications/tcq-tools/lib -Wl,--rpath -Wl,/home/shenlu/applications/tcq-tools/lib conftest.c -lz -lcrypt -lcrypt -lpthread -lJudy -lmm -lresolv -lnsl -ldl -lm  >&5
configure:11425:6: warning: conflicting types for built-in function 'snprintf'
 echo "$as_me:$LINENO: checking for $ac_func" >&5
      ^
configure:11392: $? = 0
configure:11395: test -s conftest
configure:11398: $? = 0
configure:11409: result: yes
configure:11425: checking for vsnprintf
configure:11475: gcc -o conftest -O0 -g   -I/home/shenlu/applications/tcq-tools/include   -L/home/shenlu/applications/tcq-tools/lib -Wl,--rpath -Wl,/home/shenlu/applications/tcq-tools/lib conftest.c -lz -lcrypt -lcrypt -lpthread -lJudy -lmm -lresolv -lnsl -ldl -lm  >&5
configure:11512:6: warning: conflicting types for built-in function 'vsnprintf'
 # systems that have the functions but don't bother to declare them :-(
      ^
configure:11478: $? = 0
configure:11481: test -s conftest
configure:11484: $? = 0
configure:11495: result: yes
configure:11514: checking whether snprintf is declared
configure:11539: gcc -c -O0 -g   -I/home/shenlu/applications/tcq-tools/include conftest.c >&5
configure:11542: $? = 0
configure:11545: test -s conftest.o
configure:11548: $? = 0
configure:11559: result: yes
configure:11575: checking whether vsnprintf is declared
configure:11600: gcc -c -O0 -g   -I/home/shenlu/applications/tcq-tools/include conftest.c >&5
configure:11603: $? = 0
configure:11606: test -s conftest.o
configure:11609: $? = 0
configure:11620: result: yes
configure:11641: checking for isinf
configure:11664: gcc -o conftest -O0 -g   -I/home/shenlu/applications/tcq-tools/include   -L/home/shenlu/applications/tcq-tools/lib -Wl,--rpath -Wl,/home/shenlu/applications/tcq-tools/lib conftest.c -lz -lcrypt -lcrypt -lpthread -lJudy -lmm -lresolv -lnsl -ldl -lm  >&5
configure:11667: $? = 0
configure:11670: test -s conftest
configure:11673: $? = 0
configure:11684: result: yes
configure:11799: checking for fseeko
configure:11849: gcc -o conftest -O0 -g   -I/home/shenlu/applications/tcq-tools/include   -L/home/shenlu/applications/tcq-tools/lib -Wl,--rpath -Wl,/home/shenlu/applications/tcq-tools/lib conftest.c -lz -lcrypt -lcrypt -lpthread -lJudy -lmm -lresolv -lnsl -ldl -lm  >&5
configure:11852: $? = 0
configure:11855: test -s conftest
configure:11858: $? = 0
configure:11869: result: yes
configure:11799: checking for gethostname
configure:11849: gcc -o conftest -O0 -g   -I/home/shenlu/applications/tcq-tools/include   -L/home/shenlu/applications/tcq-tools/lib -Wl,--rpath -Wl,/home/shenlu/applications/tcq-tools/lib conftest.c -lz -lcrypt -lcrypt -lpthread -lJudy -lmm -lresolv -lnsl -ldl -lm  >&5
configure:11852: $? = 0
configure:11855: test -s conftest
configure:11858: $? = 0
configure:11869: result: yes
configure:11799: checking for getrusage
configure:11849: gcc -o conftest -O0 -g   -I/home/shenlu/applications/tcq-tools/include   -L/home/shenlu/applications/tcq-tools/lib -Wl,--rpath -Wl,/home/shenlu/applications/tcq-tools/lib conftest.c -lz -lcrypt -lcrypt -lpthread -lJudy -lmm -lresolv -lnsl -ldl -lm  >&5
configure:11852: $? = 0
configure:11855: test -s conftest
configure:11858: $? = 0
configure:11869: result: yes
configure:11799: checking for inet_aton
configure:11849: gcc -o conftest -O0 -g   -I/home/shenlu/applications/tcq-tools/include   -L/home/shenlu/applications/tcq-tools/lib -Wl,--rpath -Wl,/home/shenlu/applications/tcq-tools/lib conftest.c -lz -lcrypt -lcrypt -lpthread -lJudy -lmm -lresolv -lnsl -ldl -lm  >&5
configure:11852: $? = 0
configure:11855: test -s conftest
configure:11858: $? = 0
configure:11869: result: yes
configure:11799: checking for random
configure:11849: gcc -o conftest -O0 -g   -I/home/shenlu/applications/tcq-tools/include   -L/home/shenlu/applications/tcq-tools/lib -Wl,--rpath -Wl,/home/shenlu/applications/tcq-tools/lib conftest.c -lz -lcrypt -lcrypt -lpthread -lJudy -lmm -lresolv -lnsl -ldl -lm  >&5
configure:11852: $? = 0
configure:11855: test -s conftest
configure:11858: $? = 0
configure:11869: result: yes
configure:11799: checking for srandom
configure:11849: gcc -o conftest -O0 -g   -I/home/shenlu/applications/tcq-tools/include   -L/home/shenlu/applications/tcq-tools/lib -Wl,--rpath -Wl,/home/shenlu/applications/tcq-tools/lib conftest.c -lz -lcrypt -lcrypt -lpthread -lJudy -lmm -lresolv -lnsl -ldl -lm  >&5
configure:11852: $? = 0
configure:11855: test -s conftest
configure:11858: $? = 0
configure:11869: result: yes
configure:11799: checking for strcasecmp
configure:11849: gcc -o conftest -O0 -g   -I/home/shenlu/applications/tcq-tools/include   -L/home/shenlu/applications/tcq-tools/lib -Wl,--rpath -Wl,/home/shenlu/applications/tcq-tools/lib conftest.c -lz -lcrypt -lcrypt -lpthread -lJudy -lmm -lresolv -lnsl -ldl -lm  >&5
configure:11896:6: warning: conflicting types for built-in function 'strcasecmp'
 # this hackery with HPUXMATHLIB allows us to cope.
      ^
configure:11852: $? = 0
configure:11855: test -s conftest
configure:11858: $? = 0
configure:11869: result: yes
configure:11799: checking for strdup
configure:11849: gcc -o conftest -O0 -g   -I/home/shenlu/applications/tcq-tools/include   -L/home/shenlu/applications/tcq-tools/lib -Wl,--rpath -Wl,/home/shenlu/applications/tcq-tools/lib conftest.c -lz -lcrypt -lcrypt -lpthread -lJudy -lmm -lresolv -lnsl -ldl -lm  >&5
configure:11897:6: warning: conflicting types for built-in function 'strdup'
 HPUXMATHLIB=""
      ^
configure:11852: $? = 0
configure:11855: test -s conftest
configure:11858: $? = 0
configure:11869: result: yes
configure:11799: checking for strerror
configure:11849: gcc -o conftest -O0 -g   -I/home/shenlu/applications/tcq-tools/include   -L/home/shenlu/applications/tcq-tools/lib -Wl,--rpath -Wl,/home/shenlu/applications/tcq-tools/lib conftest.c -lz -lcrypt -lcrypt -lpthread -lJudy -lmm -lresolv -lnsl -ldl -lm  >&5
configure:11852: $? = 0
configure:11855: test -s conftest
configure:11858: $? = 0
configure:11869: result: yes
configure:11799: checking for strtol
configure:11849: gcc -o conftest -O0 -g   -I/home/shenlu/applications/tcq-tools/include   -L/home/shenlu/applications/tcq-tools/lib -Wl,--rpath -Wl,/home/shenlu/applications/tcq-tools/lib conftest.c -lz -lcrypt -lcrypt -lpthread -lJudy -lmm -lresolv -lnsl -ldl -lm  >&5
configure:11852: $? = 0
configure:11855: test -s conftest
configure:11858: $? = 0
configure:11869: result: yes
configure:11799: checking for strtoul
configure:11849: gcc -o conftest -O0 -g   -I/home/shenlu/applications/tcq-tools/include   -L/home/shenlu/applications/tcq-tools/lib -Wl,--rpath -Wl,/home/shenlu/applications/tcq-tools/lib conftest.c -lz -lcrypt -lcrypt -lpthread -lJudy -lmm -lresolv -lnsl -ldl -lm  >&5
configure:11852: $? = 0
configure:11855: test -s conftest
configure:11858: $? = 0
configure:11869: result: yes
configure:11910: checking for rint
configure:11960: gcc -o conftest -O0 -g   -I/home/shenlu/applications/tcq-tools/include   -L/home/shenlu/applications/tcq-tools/lib -Wl,--rpath -Wl,/home/shenlu/applications/tcq-tools/lib conftest.c -lz -lcrypt -lcrypt -lpthread -lJudy -lmm -lresolv -lnsl -ldl -lm  >&5
configure:12012:6: warning: conflicting types for built-in function 'rint'
configure:11963: $? = 0
configure:11966: test -s conftest
configure:11969: $? = 0
configure:11980: result: yes
configure:12194: checking for finite
configure:12213: gcc -o conftest -O0 -g   -I/home/shenlu/applications/tcq-tools/include   -L/home/shenlu/applications/tcq-tools/lib -Wl,--rpath -Wl,/home/shenlu/applications/tcq-tools/lib conftest.c -lz -lcrypt -lcrypt -lpthread -lJudy -lmm -lresolv -lnsl -ldl -lm  >&5
configure:12216: $? = 0
configure:12219: test -s conftest
configure:12222: $? = 0
configure:12229: result: yes
configure:12240: checking for sigsetjmp
configure:12259: gcc -o conftest -O0 -g   -I/home/shenlu/applications/tcq-tools/include   -L/home/shenlu/applications/tcq-tools/lib -Wl,--rpath -Wl,/home/shenlu/applications/tcq-tools/lib conftest.c -lz -lcrypt -lcrypt -lpthread -lJudy -lmm -lresolv -lnsl -ldl -lm  >&5
configure:12262: $? = 0
configure:12265: test -s conftest
configure:12268: $? = 0
configure:12275: result: yes
configure:12286: checking for syslog
configure:12336: gcc -o conftest -O0 -g   -I/home/shenlu/applications/tcq-tools/include   -L/home/shenlu/applications/tcq-tools/lib -Wl,--rpath -Wl,/home/shenlu/applications/tcq-tools/lib conftest.c -lz -lcrypt -lcrypt -lpthread -lJudy -lmm -lresolv -lnsl -ldl -lm  >&5
configure:12339: $? = 0
configure:12342: test -s conftest
configure:12345: $? = 0
configure:12356: result: yes
configure:12369: checking syslog.h usability
configure:12382: gcc -c -O0 -g   -I/home/shenlu/applications/tcq-tools/include conftest.c >&5
configure:12385: $? = 0
configure:12388: test -s conftest.o
configure:12391: $? = 0
configure:12401: result: yes
configure:12405: checking syslog.h presence
configure:12416: gcc -E   -I/home/shenlu/applications/tcq-tools/include conftest.c
configure:12422: $? = 0
configure:12441: result: yes
configure:12477: checking for syslog.h
configure:12484: result: yes
configure:12499: checking for optreset
configure:12521: gcc -o conftest -O0 -g   -I/home/shenlu/applications/tcq-tools/include   -L/home/shenlu/applications/tcq-tools/lib -Wl,--rpath -Wl,/home/shenlu/applications/tcq-tools/lib conftest.c -lz -lcrypt -lcrypt -lpthread -lJudy -lmm -lresolv -lnsl -ldl -lm  >&5
/tmp/ccKa8Gqk.o: In function `main':
/home/shenlu/software/TelegraphCQ-2.1/configure:12593: undefined reference to `optreset'
collect2: error: ld returned 1 exit status
configure:12524: $? = 1
configure: failed program was:
| #line 12504 "configure"
| /* confdefs.h.  */
| 
| #define PACKAGE_NAME "PostgreSQL"
| #define PACKAGE_TARNAME "postgresql"
| #define PACKAGE_VERSION "7.3.2"
| #define PACKAGE_STRING "PostgreSQL 7.3.2"
| #define PACKAGE_BUGREPORT "pgsql-bugs@postgresql.org"
| #define PG_VERSION "2.1"
| #define DEF_PGPORT 5432
| #define DEF_PGPORT_STR "5432"
| #define DEF_MAXBACKENDS 32
| #define PG_VERSION_STR "PostgreSQL 2.1 on x86_64-unknown-linux-gnu, compiled by GCC gcc (Ubuntu 5.4.0-6ubuntu1~16.04.9) 5.4.0 20160609"
| #define USE_ASSERT_CHECKING 1
| #define PG_KRB_SRVNAM "postgres"
| #define HAVE_LIBM 1
| #define HAVE_LIBDL 1
| #define HAVE_LIBNSL 1
| #define HAVE_LIBRESOLV 1
| #define HAVE_LIBMM 1
| #define HAVE_LIBJUDY 1
| #define HAVE_LIBPTHREAD 1
| #define HAVE_LIBZ 1
| #define STDC_HEADERS 1
| #define HAVE_SYS_TYPES_H 1
| #define HAVE_SYS_STAT_H 1
| #define HAVE_STDLIB_H 1
| #define HAVE_STRING_H 1
| #define HAVE_MEMORY_H 1
| #define HAVE_STRINGS_H 1
| #define HAVE_INTTYPES_H 1
| #define HAVE_STDINT_H 1
| #define HAVE_UNISTD_H 1
| #define HAVE_CRYPT_H 1
| #define HAVE_ENDIAN_H 1
| #define HAVE_GETOPT_H 1
| #define HAVE_PWD_H 1
| #define HAVE_SYS_IPC_H 1
| #define HAVE_SYS_SELECT_H 1
| #define HAVE_SYS_SEM_H 1
| #define HAVE_SYS_SOCKET_H 1
| #define HAVE_SYS_SHM_H 1
| #define HAVE_SYS_UN_H 1
| #define HAVE_TERMIOS_H 1
| #define HAVE_NETINET_IN_H 1
| #define HAVE_NETINET_TCP_H 1
| #define HAVE_STRINGIZE 1
| #define HAVE_STRUCT_TM_TM_ZONE 1
| #define HAVE_TM_ZONE 1
| #define HAVE_STRUCT_SOCKADDR_UN 1
| #define HAVE_INT_TIMEZONE
| #define ACCEPT_TYPE_ARG1 int
| #define ACCEPT_TYPE_ARG2 struct sockaddr *
| #define ACCEPT_TYPE_ARG3 socklen_t
| #define HAVE_CBRT 1
| #define HAVE_FCVT 1
| #define HAVE_GETOPT_LONG 1
| #define HAVE_MEMMOVE 1
| #define HAVE_SETSID 1
| #define HAVE_SIGPROCMASK 1
| #define HAVE_SYSCONF 1
| #define HAVE_WAITPID 1
| #define HAVE_DLOPEN 1
| #define HAVE_FDATASYNC 1
| #define HAVE_DECL_FDATASYNC 1
| #define HAVE_SNPRINTF 1
| #define HAVE_VSNPRINTF 1
| #define HAVE_DECL_SNPRINTF 1
| #define HAVE_DECL_VSNPRINTF 1
| #define HAVE_ISINF 1
| #define HAVE_FSEEKO 1
| #define HAVE_GETHOSTNAME 1
| #define HAVE_GETRUSAGE 1
| #define HAVE_INET_ATON 1
| #define HAVE_RANDOM 1
| #define HAVE_SRANDOM 1
| #define HAVE_STRCASECMP 1
| #define HAVE_STRDUP 1
| #define HAVE_STRERROR 1
| #define HAVE_STRTOL 1
| #define HAVE_STRTOUL 1
| #define HAVE_RINT 1
| #define HAVE_FINITE 1
| #define HAVE_SIGSETJMP 1
| #define HAVE_SYSLOG 1
| /* end confdefs.h.  */
| #include <unistd.h>
| int
| main ()
| {
| extern int optreset; optreset = 1;
|   ;
|   return 0;
| }
configure:12541: result: no
configure:12556: checking for strtoll
configure:12606: gcc -o conftest -O0 -g   -I/home/shenlu/applications/tcq-tools/include   -L/home/shenlu/applications/tcq-tools/lib -Wl,--rpath -Wl,/home/shenlu/applications/tcq-tools/lib conftest.c -lz -lcrypt -lcrypt -lpthread -lJudy -lmm -lresolv -lnsl -ldl -lm  >&5
configure:12609: $? = 0
configure:12612: test -s conftest
configure:12615: $? = 0
configure:12626: result: yes
configure:12641: checking for strtoull
configure:12691: gcc -o conftest -O0 -g   -I/home/shenlu/applications/tcq-tools/include   -L/home/shenlu/applications/tcq-tools/lib -Wl,--rpath -Wl,/home/shenlu/applications/tcq-tools/lib conftest.c -lz -lcrypt -lcrypt -lpthread -lJudy -lmm -lresolv -lnsl -ldl -lm  >&5
configure:12694: $? = 0
configure:12697: test -s conftest
configure:12700: $? = 0
configure:12711: result: yes
configure:12727: checking for atexit
configure:12777: gcc -o conftest -O0 -g   -I/home/shenlu/applications/tcq-tools/include   -L/home/shenlu/applications/tcq-tools/lib -Wl,--rpath -Wl,/home/shenlu/applications/tcq-tools/lib conftest.c -lz -lcrypt -lcrypt -lpthread -lJudy -lmm -lresolv -lnsl -ldl -lm  >&5
configure:12780: $? = 0
configure:12783: test -s conftest
configure:12786: $? = 0
configure:12797: result: yes
configure:12897: checking for _LARGEFILE_SOURCE value needed for large files
configure:12921: gcc -c -O0 -g   -I/home/shenlu/applications/tcq-tools/include conftest.c >&5
configure:12924: $? = 0
configure:12927: test -s conftest.o
configure:12930: $? = 0
configure:12978: result: no
configure:12992: checking for fseeko
configure:13034: result: yes
configure:13050: checking test program
configure:13066: gcc -o conftest -O0 -g   -I/home/shenlu/applications/tcq-tools/include   -L/home/shenlu/applications/tcq-tools/lib -Wl,--rpath -Wl,/home/shenlu/applications/tcq-tools/lib conftest.c -lz -lcrypt -lcrypt -lpthread -lJudy -lmm -lresolv -lnsl -ldl -lm  >&5
configure:13069: $? = 0
configure:13071: ./conftest
configure:13074: $? = 0
configure:13076: result: ok
configure:13101: checking whether long int is 64 bits
configure:13146: gcc -o conftest -O0 -g   -I/home/shenlu/applications/tcq-tools/include   -L/home/shenlu/applications/tcq-tools/lib -Wl,--rpath -Wl,/home/shenlu/applications/tcq-tools/lib conftest.c -lz -lcrypt -lcrypt -lpthread -lJudy -lmm -lresolv -lnsl -ldl -lm  >&5
configure:13223:1: warning: return type defaults to 'int' [-Wimplicit-int]
   exit(! does_int64_work());
 ^
configure: In function 'main':
configure:13224:3: warning: implicit declaration of function 'exit' [-Wimplicit-function-declaration]
configure:13224:3: warning: incompatible implicit declaration of built-in function 'exit'
configure:13224:3: note: include '<stdlib.h>' or provide a declaration of 'exit'
configure:13149: $? = 0
configure:13151: ./conftest
configure:13154: $? = 0
configure:13168: result: yes
configure:13474: checking for unsigned long
configure:13499: gcc -c -O0 -g   -I/home/shenlu/applications/tcq-tools/include conftest.c >&5
configure:13502: $? = 0
configure:13505: test -s conftest.o
configure:13508: $? = 0
configure:13519: result: yes
configure:13522: checking size of unsigned long
configure:13797: gcc -o conftest -O0 -g   -I/home/shenlu/applications/tcq-tools/include   -L/home/shenlu/applications/tcq-tools/lib -Wl,--rpath -Wl,/home/shenlu/applications/tcq-tools/lib conftest.c -lz -lcrypt -lcrypt -lpthread -lJudy -lmm -lresolv -lnsl -ldl -lm  >&5
configure:13800: $? = 0
configure:13802: ./conftest
configure:13805: $? = 0
configure:13828: result: 8
configure:13843: checking for short
configure:13868: gcc -c -O0 -g   -I/home/shenlu/applications/tcq-tools/include conftest.c >&5
configure:13871: $? = 0
configure:13874: test -s conftest.o
configure:13877: $? = 0
configure:13888: result: yes
configure:13891: checking alignment of short
configure:14166: gcc -o conftest -O0 -g   -I/home/shenlu/applications/tcq-tools/include   -L/home/shenlu/applications/tcq-tools/lib -Wl,--rpath -Wl,/home/shenlu/applications/tcq-tools/lib conftest.c -lz -lcrypt -lcrypt -lpthread -lJudy -lmm -lresolv -lnsl -ldl -lm  >&5
configure:14169: $? = 0
configure:14171: ./conftest
configure:14174: $? = 0
configure:14195: result: 2
configure:14202: checking for int
configure:14227: gcc -c -O0 -g   -I/home/shenlu/applications/tcq-tools/include conftest.c >&5
configure:14230: $? = 0
configure:14233: test -s conftest.o
configure:14236: $? = 0
configure:14247: result: yes
configure:14250: checking alignment of int
configure:14525: gcc -o conftest -O0 -g   -I/home/shenlu/applications/tcq-tools/include   -L/home/shenlu/applications/tcq-tools/lib -Wl,--rpath -Wl,/home/shenlu/applications/tcq-tools/lib conftest.c -lz -lcrypt -lcrypt -lpthread -lJudy -lmm -lresolv -lnsl -ldl -lm  >&5
configure:14528: $? = 0
configure:14530: ./conftest
configure:14533: $? = 0
configure:14554: result: 4
configure:14561: checking for long
configure:14586: gcc -c -O0 -g   -I/home/shenlu/applications/tcq-tools/include conftest.c >&5
configure:14589: $? = 0
configure:14592: test -s conftest.o
configure:14595: $? = 0
configure:14606: result: yes
configure:14609: checking alignment of long
configure:14884: gcc -o conftest -O0 -g   -I/home/shenlu/applications/tcq-tools/include   -L/home/shenlu/applications/tcq-tools/lib -Wl,--rpath -Wl,/home/shenlu/applications/tcq-tools/lib conftest.c -lz -lcrypt -lcrypt -lpthread -lJudy -lmm -lresolv -lnsl -ldl -lm  >&5
configure:14887: $? = 0
configure:14889: ./conftest
configure:14892: $? = 0
configure:14913: result: 8
configure:15281: checking for double
configure:15306: gcc -c -O0 -g   -I/home/shenlu/applications/tcq-tools/include conftest.c >&5
configure:15309: $? = 0
configure:15312: test -s conftest.o
configure:15315: $? = 0
configure:15326: result: yes
configure:15329: checking alignment of double
configure:15604: gcc -o conftest -O0 -g   -I/home/shenlu/applications/tcq-tools/include   -L/home/shenlu/applications/tcq-tools/lib -Wl,--rpath -Wl,/home/shenlu/applications/tcq-tools/lib conftest.c -lz -lcrypt -lcrypt -lpthread -lJudy -lmm -lresolv -lnsl -ldl -lm  >&5
configure:15607: $? = 0
configure:15609: ./conftest
configure:15612: $? = 0
configure:15633: result: 8
configure:15661: checking for int8
configure:15690: gcc -c -O0 -g   -I/home/shenlu/applications/tcq-tools/include conftest.c >&5
configure: In function 'main':
configure:15772:6: error: 'int8' undeclared (first use in this function)
configure:15772:6: note: each undeclared identifier is reported only once for each function it appears in
configure:15772:12: error: expected expression before ')' token
configure:15693: $? = 1
configure: failed program was:
| #line 15666 "configure"
| /* confdefs.h.  */
| 
| #define PACKAGE_NAME "PostgreSQL"
| #define PACKAGE_TARNAME "postgresql"
| #define PACKAGE_VERSION "7.3.2"
| #define PACKAGE_STRING "PostgreSQL 7.3.2"
| #define PACKAGE_BUGREPORT "pgsql-bugs@postgresql.org"
| #define PG_VERSION "2.1"
| #define DEF_PGPORT 5432
| #define DEF_PGPORT_STR "5432"
| #define DEF_MAXBACKENDS 32
| #define PG_VERSION_STR "PostgreSQL 2.1 on x86_64-unknown-linux-gnu, compiled by GCC gcc (Ubuntu 5.4.0-6ubuntu1~16.04.9) 5.4.0 20160609"
| #define USE_ASSERT_CHECKING 1
| #define PG_KRB_SRVNAM "postgres"
| #define HAVE_LIBM 1
| #define HAVE_LIBDL 1
| #define HAVE_LIBNSL 1
| #define HAVE_LIBRESOLV 1
| #define HAVE_LIBMM 1
| #define HAVE_LIBJUDY 1
| #define HAVE_LIBPTHREAD 1
| #define HAVE_LIBZ 1
| #define STDC_HEADERS 1
| #define HAVE_SYS_TYPES_H 1
| #define HAVE_SYS_STAT_H 1
| #define HAVE_STDLIB_H 1
| #define HAVE_STRING_H 1
| #define HAVE_MEMORY_H 1
| #define HAVE_STRINGS_H 1
| #define HAVE_INTTYPES_H 1
| #define HAVE_STDINT_H 1
| #define HAVE_UNISTD_H 1
| #define HAVE_CRYPT_H 1
| #define HAVE_ENDIAN_H 1
| #define HAVE_GETOPT_H 1
| #define HAVE_PWD_H 1
| #define HAVE_SYS_IPC_H 1
| #define HAVE_SYS_SELECT_H 1
| #define HAVE_SYS_SEM_H 1
| #define HAVE_SYS_SOCKET_H 1
| #define HAVE_SYS_SHM_H 1
| #define HAVE_SYS_UN_H 1
| #define HAVE_TERMIOS_H 1
| #define HAVE_NETINET_IN_H 1
| #define HAVE_NETINET_TCP_H 1
| #define HAVE_STRINGIZE 1
| #define HAVE_STRUCT_TM_TM_ZONE 1
| #define HAVE_TM_ZONE 1
| #define HAVE_STRUCT_SOCKADDR_UN 1
| #define HAVE_INT_TIMEZONE
| #define ACCEPT_TYPE_ARG1 int
| #define ACCEPT_TYPE_ARG2 struct sockaddr *
| #define ACCEPT_TYPE_ARG3 socklen_t
| #define HAVE_CBRT 1
| #define HAVE_FCVT 1
| #define HAVE_GETOPT_LONG 1
| #define HAVE_MEMMOVE 1
| #define HAVE_SETSID 1
| #define HAVE_SIGPROCMASK 1
| #define HAVE_SYSCONF 1
| #define HAVE_WAITPID 1
| #define HAVE_DLOPEN 1
| #define HAVE_FDATASYNC 1
| #define HAVE_DECL_FDATASYNC 1
| #define HAVE_SNPRINTF 1
| #define HAVE_VSNPRINTF 1
| #define HAVE_DECL_SNPRINTF 1
| #define HAVE_DECL_VSNPRINTF 1
| #define HAVE_ISINF 1
| #define HAVE_FSEEKO 1
| #define HAVE_GETHOSTNAME 1
| #define HAVE_GETRUSAGE 1
| #define HAVE_INET_ATON 1
| #define HAVE_RANDOM 1
| #define HAVE_SRANDOM 1
| #define HAVE_STRCASECMP 1
| #define HAVE_STRDUP 1
| #define HAVE_STRERROR 1
| #define HAVE_STRTOL 1
| #define HAVE_STRTOUL 1
| #define HAVE_RINT 1
| #define HAVE_FINITE 1
| #define HAVE_SIGSETJMP 1
| #define HAVE_SYSLOG 1
| #define HAVE_STRTOLL 1
| #define HAVE_STRTOULL 1
| #define HAVE_ATEXIT 1
| #define HAVE_FSEEKO 1
| #define HAVE_LONG_INT_64
| #define INT64_FORMAT "%ld"
| #define SIZEOF_UNSIGNED_LONG 8
| #define SIZEOF_DATUM 8
| #define ALIGNOF_SHORT 2
| #define ALIGNOF_INT 4
| #define ALIGNOF_LONG 8
| #define ALIGNOF_DOUBLE 8
| #define MAXIMUM_ALIGNOF 8
| /* end confdefs.h.  */
| #include <stdio.h>
| #ifdef HAVE_SUPPORTDEFS_H
| #include <SupportDefs.h>
| #endif
| 
| int
| main ()
| {
| if ((int8 *) 0)
|   return 0;
| if (sizeof (int8))
|   return 0;
|   ;
|   return 0;
| }
configure:15710: result: no
configure:15720: checking for uint8
configure:15749: gcc -c -O0 -g   -I/home/shenlu/applications/tcq-tools/include conftest.c >&5
configure: In function 'main':
configure:15831:6: error: 'uint8' undeclared (first use in this function)
configure:15831:6: note: each undeclared identifier is reported only once for each function it appears in
configure:15831:13: error: expected expression before ')' token
configure:15752: $? = 1
configure: failed program was:
| #line 15725 "configure"
| /* confdefs.h.  */
| 
| #define PACKAGE_NAME "PostgreSQL"
| #define PACKAGE_TARNAME "postgresql"
| #define PACKAGE_VERSION "7.3.2"
| #define PACKAGE_STRING "PostgreSQL 7.3.2"
| #define PACKAGE_BUGREPORT "pgsql-bugs@postgresql.org"
| #define PG_VERSION "2.1"
| #define DEF_PGPORT 5432
| #define DEF_PGPORT_STR "5432"
| #define DEF_MAXBACKENDS 32
| #define PG_VERSION_STR "PostgreSQL 2.1 on x86_64-unknown-linux-gnu, compiled by GCC gcc (Ubuntu 5.4.0-6ubuntu1~16.04.9) 5.4.0 20160609"
| #define USE_ASSERT_CHECKING 1
| #define PG_KRB_SRVNAM "postgres"
| #define HAVE_LIBM 1
| #define HAVE_LIBDL 1
| #define HAVE_LIBNSL 1
| #define HAVE_LIBRESOLV 1
| #define HAVE_LIBMM 1
| #define HAVE_LIBJUDY 1
| #define HAVE_LIBPTHREAD 1
| #define HAVE_LIBZ 1
| #define STDC_HEADERS 1
| #define HAVE_SYS_TYPES_H 1
| #define HAVE_SYS_STAT_H 1
| #define HAVE_STDLIB_H 1
| #define HAVE_STRING_H 1
| #define HAVE_MEMORY_H 1
| #define HAVE_STRINGS_H 1
| #define HAVE_INTTYPES_H 1
| #define HAVE_STDINT_H 1
| #define HAVE_UNISTD_H 1
| #define HAVE_CRYPT_H 1
| #define HAVE_ENDIAN_H 1
| #define HAVE_GETOPT_H 1
| #define HAVE_PWD_H 1
| #define HAVE_SYS_IPC_H 1
| #define HAVE_SYS_SELECT_H 1
| #define HAVE_SYS_SEM_H 1
| #define HAVE_SYS_SOCKET_H 1
| #define HAVE_SYS_SHM_H 1
| #define HAVE_SYS_UN_H 1
| #define HAVE_TERMIOS_H 1
| #define HAVE_NETINET_IN_H 1
| #define HAVE_NETINET_TCP_H 1
| #define HAVE_STRINGIZE 1
| #define HAVE_STRUCT_TM_TM_ZONE 1
| #define HAVE_TM_ZONE 1
| #define HAVE_STRUCT_SOCKADDR_UN 1
| #define HAVE_INT_TIMEZONE
| #define ACCEPT_TYPE_ARG1 int
| #define ACCEPT_TYPE_ARG2 struct sockaddr *
| #define ACCEPT_TYPE_ARG3 socklen_t
| #define HAVE_CBRT 1
| #define HAVE_FCVT 1
| #define HAVE_GETOPT_LONG 1
| #define HAVE_MEMMOVE 1
| #define HAVE_SETSID 1
| #define HAVE_SIGPROCMASK 1
| #define HAVE_SYSCONF 1
| #define HAVE_WAITPID 1
| #define HAVE_DLOPEN 1
| #define HAVE_FDATASYNC 1
| #define HAVE_DECL_FDATASYNC 1
| #define HAVE_SNPRINTF 1
| #define HAVE_VSNPRINTF 1
| #define HAVE_DECL_SNPRINTF 1
| #define HAVE_DECL_VSNPRINTF 1
| #define HAVE_ISINF 1
| #define HAVE_FSEEKO 1
| #define HAVE_GETHOSTNAME 1
| #define HAVE_GETRUSAGE 1
| #define HAVE_INET_ATON 1
| #define HAVE_RANDOM 1
| #define HAVE_SRANDOM 1
| #define HAVE_STRCASECMP 1
| #define HAVE_STRDUP 1
| #define HAVE_STRERROR 1
| #define HAVE_STRTOL 1
| #define HAVE_STRTOUL 1
| #define HAVE_RINT 1
| #define HAVE_FINITE 1
| #define HAVE_SIGSETJMP 1
| #define HAVE_SYSLOG 1
| #define HAVE_STRTOLL 1
| #define HAVE_STRTOULL 1
| #define HAVE_ATEXIT 1
| #define HAVE_FSEEKO 1
| #define HAVE_LONG_INT_64
| #define INT64_FORMAT "%ld"
| #define SIZEOF_UNSIGNED_LONG 8
| #define SIZEOF_DATUM 8
| #define ALIGNOF_SHORT 2
| #define ALIGNOF_INT 4
| #define ALIGNOF_LONG 8
| #define ALIGNOF_DOUBLE 8
| #define MAXIMUM_ALIGNOF 8
| /* end confdefs.h.  */
| #include <stdio.h>
| #ifdef HAVE_SUPPORTDEFS_H
| #include <SupportDefs.h>
| #endif
| 
| int
| main ()
| {
| if ((uint8 *) 0)
|   return 0;
| if (sizeof (uint8))
|   return 0;
|   ;
|   return 0;
| }
configure:15769: result: no
configure:15779: checking for int64
configure:15808: gcc -c -O0 -g   -I/home/shenlu/applications/tcq-tools/include conftest.c >&5
configure: In function 'main':
configure:15890:6: error: 'int64' undeclared (first use in this function)
configure:15890:6: note: each undeclared identifier is reported only once for each function it appears in
configure:15890:13: error: expected expression before ')' token
configure:15811: $? = 1
configure: failed program was:
| #line 15784 "configure"
| /* confdefs.h.  */
| 
| #define PACKAGE_NAME "PostgreSQL"
| #define PACKAGE_TARNAME "postgresql"
| #define PACKAGE_VERSION "7.3.2"
| #define PACKAGE_STRING "PostgreSQL 7.3.2"
| #define PACKAGE_BUGREPORT "pgsql-bugs@postgresql.org"
| #define PG_VERSION "2.1"
| #define DEF_PGPORT 5432
| #define DEF_PGPORT_STR "5432"
| #define DEF_MAXBACKENDS 32
| #define PG_VERSION_STR "PostgreSQL 2.1 on x86_64-unknown-linux-gnu, compiled by GCC gcc (Ubuntu 5.4.0-6ubuntu1~16.04.9) 5.4.0 20160609"
| #define USE_ASSERT_CHECKING 1
| #define PG_KRB_SRVNAM "postgres"
| #define HAVE_LIBM 1
| #define HAVE_LIBDL 1
| #define HAVE_LIBNSL 1
| #define HAVE_LIBRESOLV 1
| #define HAVE_LIBMM 1
| #define HAVE_LIBJUDY 1
| #define HAVE_LIBPTHREAD 1
| #define HAVE_LIBZ 1
| #define STDC_HEADERS 1
| #define HAVE_SYS_TYPES_H 1
| #define HAVE_SYS_STAT_H 1
| #define HAVE_STDLIB_H 1
| #define HAVE_STRING_H 1
| #define HAVE_MEMORY_H 1
| #define HAVE_STRINGS_H 1
| #define HAVE_INTTYPES_H 1
| #define HAVE_STDINT_H 1
| #define HAVE_UNISTD_H 1
| #define HAVE_CRYPT_H 1
| #define HAVE_ENDIAN_H 1
| #define HAVE_GETOPT_H 1
| #define HAVE_PWD_H 1
| #define HAVE_SYS_IPC_H 1
| #define HAVE_SYS_SELECT_H 1
| #define HAVE_SYS_SEM_H 1
| #define HAVE_SYS_SOCKET_H 1
| #define HAVE_SYS_SHM_H 1
| #define HAVE_SYS_UN_H 1
| #define HAVE_TERMIOS_H 1
| #define HAVE_NETINET_IN_H 1
| #define HAVE_NETINET_TCP_H 1
| #define HAVE_STRINGIZE 1
| #define HAVE_STRUCT_TM_TM_ZONE 1
| #define HAVE_TM_ZONE 1
| #define HAVE_STRUCT_SOCKADDR_UN 1
| #define HAVE_INT_TIMEZONE
| #define ACCEPT_TYPE_ARG1 int
| #define ACCEPT_TYPE_ARG2 struct sockaddr *
| #define ACCEPT_TYPE_ARG3 socklen_t
| #define HAVE_CBRT 1
| #define HAVE_FCVT 1
| #define HAVE_GETOPT_LONG 1
| #define HAVE_MEMMOVE 1
| #define HAVE_SETSID 1
| #define HAVE_SIGPROCMASK 1
| #define HAVE_SYSCONF 1
| #define HAVE_WAITPID 1
| #define HAVE_DLOPEN 1
| #define HAVE_FDATASYNC 1
| #define HAVE_DECL_FDATASYNC 1
| #define HAVE_SNPRINTF 1
| #define HAVE_VSNPRINTF 1
| #define HAVE_DECL_SNPRINTF 1
| #define HAVE_DECL_VSNPRINTF 1
| #define HAVE_ISINF 1
| #define HAVE_FSEEKO 1
| #define HAVE_GETHOSTNAME 1
| #define HAVE_GETRUSAGE 1
| #define HAVE_INET_ATON 1
| #define HAVE_RANDOM 1
| #define HAVE_SRANDOM 1
| #define HAVE_STRCASECMP 1
| #define HAVE_STRDUP 1
| #define HAVE_STRERROR 1
| #define HAVE_STRTOL 1
| #define HAVE_STRTOUL 1
| #define HAVE_RINT 1
| #define HAVE_FINITE 1
| #define HAVE_SIGSETJMP 1
| #define HAVE_SYSLOG 1
| #define HAVE_STRTOLL 1
| #define HAVE_STRTOULL 1
| #define HAVE_ATEXIT 1
| #define HAVE_FSEEKO 1
| #define HAVE_LONG_INT_64
| #define INT64_FORMAT "%ld"
| #define SIZEOF_UNSIGNED_LONG 8
| #define SIZEOF_DATUM 8
| #define ALIGNOF_SHORT 2
| #define ALIGNOF_INT 4
| #define ALIGNOF_LONG 8
| #define ALIGNOF_DOUBLE 8
| #define MAXIMUM_ALIGNOF 8
| /* end confdefs.h.  */
| #include <stdio.h>
| #ifdef HAVE_SUPPORTDEFS_H
| #include <SupportDefs.h>
| #endif
| 
| int
| main ()
| {
| if ((int64 *) 0)
|   return 0;
| if (sizeof (int64))
|   return 0;
|   ;
|   return 0;
| }
configure:15828: result: no
configure:15838: checking for uint64
configure:15867: gcc -c -O0 -g   -I/home/shenlu/applications/tcq-tools/include conftest.c >&5
configure: In function 'main':
configure:15949:6: error: 'uint64' undeclared (first use in this function)
 if test $ac_cv_type_sig_atomic_t = yes; then
      ^
configure:15949:6: note: each undeclared identifier is reported only once for each function it appears in
configure:15949:14: error: expected expression before ')' token
 if test $ac_cv_type_sig_atomic_t = yes; then
              ^
configure:15870: $? = 1
configure: failed program was:
| #line 15843 "configure"
| /* confdefs.h.  */
| 
| #define PACKAGE_NAME "PostgreSQL"
| #define PACKAGE_TARNAME "postgresql"
| #define PACKAGE_VERSION "7.3.2"
| #define PACKAGE_STRING "PostgreSQL 7.3.2"
| #define PACKAGE_BUGREPORT "pgsql-bugs@postgresql.org"
| #define PG_VERSION "2.1"
| #define DEF_PGPORT 5432
| #define DEF_PGPORT_STR "5432"
| #define DEF_MAXBACKENDS 32
| #define PG_VERSION_STR "PostgreSQL 2.1 on x86_64-unknown-linux-gnu, compiled by GCC gcc (Ubuntu 5.4.0-6ubuntu1~16.04.9) 5.4.0 20160609"
| #define USE_ASSERT_CHECKING 1
| #define PG_KRB_SRVNAM "postgres"
| #define HAVE_LIBM 1
| #define HAVE_LIBDL 1
| #define HAVE_LIBNSL 1
| #define HAVE_LIBRESOLV 1
| #define HAVE_LIBMM 1
| #define HAVE_LIBJUDY 1
| #define HAVE_LIBPTHREAD 1
| #define HAVE_LIBZ 1
| #define STDC_HEADERS 1
| #define HAVE_SYS_TYPES_H 1
| #define HAVE_SYS_STAT_H 1
| #define HAVE_STDLIB_H 1
| #define HAVE_STRING_H 1
| #define HAVE_MEMORY_H 1
| #define HAVE_STRINGS_H 1
| #define HAVE_INTTYPES_H 1
| #define HAVE_STDINT_H 1
| #define HAVE_UNISTD_H 1
| #define HAVE_CRYPT_H 1
| #define HAVE_ENDIAN_H 1
| #define HAVE_GETOPT_H 1
| #define HAVE_PWD_H 1
| #define HAVE_SYS_IPC_H 1
| #define HAVE_SYS_SELECT_H 1
| #define HAVE_SYS_SEM_H 1
| #define HAVE_SYS_SOCKET_H 1
| #define HAVE_SYS_SHM_H 1
| #define HAVE_SYS_UN_H 1
| #define HAVE_TERMIOS_H 1
| #define HAVE_NETINET_IN_H 1
| #define HAVE_NETINET_TCP_H 1
| #define HAVE_STRINGIZE 1
| #define HAVE_STRUCT_TM_TM_ZONE 1
| #define HAVE_TM_ZONE 1
| #define HAVE_STRUCT_SOCKADDR_UN 1
| #define HAVE_INT_TIMEZONE
| #define ACCEPT_TYPE_ARG1 int
| #define ACCEPT_TYPE_ARG2 struct sockaddr *
| #define ACCEPT_TYPE_ARG3 socklen_t
| #define HAVE_CBRT 1
| #define HAVE_FCVT 1
| #define HAVE_GETOPT_LONG 1
| #define HAVE_MEMMOVE 1
| #define HAVE_SETSID 1
| #define HAVE_SIGPROCMASK 1
| #define HAVE_SYSCONF 1
| #define HAVE_WAITPID 1
| #define HAVE_DLOPEN 1
| #define HAVE_FDATASYNC 1
| #define HAVE_DECL_FDATASYNC 1
| #define HAVE_SNPRINTF 1
| #define HAVE_VSNPRINTF 1
| #define HAVE_DECL_SNPRINTF 1
| #define HAVE_DECL_VSNPRINTF 1
| #define HAVE_ISINF 1
| #define HAVE_FSEEKO 1
| #define HAVE_GETHOSTNAME 1
| #define HAVE_GETRUSAGE 1
| #define HAVE_INET_ATON 1
| #define HAVE_RANDOM 1
| #define HAVE_SRANDOM 1
| #define HAVE_STRCASECMP 1
| #define HAVE_STRDUP 1
| #define HAVE_STRERROR 1
| #define HAVE_STRTOL 1
| #define HAVE_STRTOUL 1
| #define HAVE_RINT 1
| #define HAVE_FINITE 1
| #define HAVE_SIGSETJMP 1
| #define HAVE_SYSLOG 1
| #define HAVE_STRTOLL 1
| #define HAVE_STRTOULL 1
| #define HAVE_ATEXIT 1
| #define HAVE_FSEEKO 1
| #define HAVE_LONG_INT_64
| #define INT64_FORMAT "%ld"
| #define SIZEOF_UNSIGNED_LONG 8
| #define SIZEOF_DATUM 8
| #define ALIGNOF_SHORT 2
| #define ALIGNOF_INT 4
| #define ALIGNOF_LONG 8
| #define ALIGNOF_DOUBLE 8
| #define MAXIMUM_ALIGNOF 8
| /* end confdefs.h.  */
| #include <stdio.h>
| #ifdef HAVE_SUPPORTDEFS_H
| #include <SupportDefs.h>
| #endif
| 
| int
| main ()
| {
| if ((uint64 *) 0)
|   return 0;
| if (sizeof (uint64))
|   return 0;
|   ;
|   return 0;
| }
configure:15887: result: no
configure:15901: checking for sig_atomic_t
configure:15927: gcc -c -O0 -g   -I/home/shenlu/applications/tcq-tools/include conftest.c >&5
configure:15930: $? = 0
configure:15933: test -s conftest.o
configure:15936: $? = 0
configure:15947: result: yes
configure:15960: checking for POSIX signal interface
configure:15986: gcc -o conftest -O0 -g   -I/home/shenlu/applications/tcq-tools/include   -L/home/shenlu/applications/tcq-tools/lib -Wl,--rpath -Wl,/home/shenlu/applications/tcq-tools/lib conftest.c -lz -lcrypt -lcrypt -lpthread -lJudy -lmm -lresolv -lnsl -ldl -lm  >&5
configure:15989: $? = 0
configure:15992: test -s conftest
configure:15995: $? = 0
configure:16006: result: yes
configure:16025: checking for special C compiler options needed for large files
configure:16105: result: no
configure:16111: checking for _FILE_OFFSET_BITS value needed for large files
configure:16143: gcc -c -O0 -g   -I/home/shenlu/applications/tcq-tools/include conftest.c >&5
configure:16146: $? = 0
configure:16149: test -s conftest.o
configure:16152: $? = 0
configure:16208: result: no
configure:16218: checking for _LARGE_FILES value needed for large files
configure:16250: gcc -c -O0 -g   -I/home/shenlu/applications/tcq-tools/include conftest.c >&5
configure:16253: $? = 0
configure:16256: test -s conftest.o
configure:16259: $? = 0
configure:16315: result: no
configure:16900: checking for onsgmls
configure:16929: result: no
configure:16900: checking for nsgmls
configure:16929: result: no
configure:16940: checking for openjade
configure:16969: result: no
configure:16940: checking for jade
configure:16969: result: no
configure:16977: checking for DocBook V3.1
./configure: line 16996: -s: command not found
configure:17004: result: no
configure:17010: checking for DocBook stylesheets
configure:17046: result: no
configure:17099: checking for collateindex.pl
configure:17132: result: no
configure:17144: checking for sgmlspl
configure:17173: result: no
configure:17308: creating ./config.status

## ---------------------- ##
## Running config.status. ##
## ---------------------- ##

This file was extended by PostgreSQL config.status 7.3.2, which was
generated by GNU Autoconf 2.57.  Invocation command line was

  CONFIG_FILES    = 
  CONFIG_HEADERS  = 
  CONFIG_LINKS    = 
  CONFIG_COMMANDS = 
  $ ./config.status 

on ENB335-CORE-i9

config.status:708: creating GNUmakefile
config.status:708: creating src/Makefile.global
config.status:811: creating src/include/pg_config.h
config.status:1116: src/include/pg_config.h is unchanged
config.status:1180: linking ./src/backend/port/tas/dummy.s to src/backend/port/tas.s
config.status:1180: linking ./src/backend/port/dynloader/linux.c to src/backend/port/dynloader.c
config.status:1180: linking ./src/backend/port/sysv_sema.c to src/backend/port/pg_sema.c
config.status:1180: linking ./src/backend/port/sysv_shmem.c to src/backend/port/pg_shmem.c
config.status:1180: linking ./src/backend/port/dynloader/linux.h to src/include/dynloader.h
config.status:1180: linking ./src/include/port/linux.h to src/include/pg_config_os.h
config.status:1180: linking ./src/makefiles/Makefile.linux to src/Makefile.port

## ---------------- ##
## Cache variables. ##
## ---------------- ##

ac_cv_build=x86_64-unknown-linux-gnu
ac_cv_build_alias=x86_64-unknown-linux-gnu
ac_cv_c_compiler_gnu=yes
ac_cv_c_const=yes
ac_cv_c_inline=inline
ac_cv_c_stringize=yes
ac_cv_c_volatile=yes
ac_cv_env_CC_set=
ac_cv_env_CC_value=
ac_cv_env_CFLAGS_set=set
ac_cv_env_CFLAGS_value=-O0
ac_cv_env_CPPFLAGS_set=
ac_cv_env_CPPFLAGS_value=
ac_cv_env_CPP_set=
ac_cv_env_CPP_value=
ac_cv_env_DOCBOOKSTYLE_set=
ac_cv_env_DOCBOOKSTYLE_value=
ac_cv_env_LDFLAGS_set=
ac_cv_env_LDFLAGS_value=
ac_cv_env_build_alias_set=
ac_cv_env_build_alias_value=
ac_cv_env_host_alias_set=
ac_cv_env_host_alias_value=
ac_cv_env_target_alias_set=
ac_cv_env_target_alias_value=
ac_cv_exeext=
ac_cv_func_accept_arg1=int
ac_cv_func_accept_arg2='struct sockaddr *'
ac_cv_func_accept_arg3=socklen_t
ac_cv_func_atexit=yes
ac_cv_func_cbrt=yes
ac_cv_func_dlopen=yes
ac_cv_func_fcvt=yes
ac_cv_func_fdatasync=yes
ac_cv_func_fseeko=yes
ac_cv_func_gethostname=yes
ac_cv_func_getopt_long=yes
ac_cv_func_getrusage=yes
ac_cv_func_inet_aton=yes
ac_cv_func_isinf=yes
ac_cv_func_memcmp_working=yes
ac_cv_func_memmove=yes
ac_cv_func_pstat=no
ac_cv_func_random=yes
ac_cv_func_rint=yes
ac_cv_func_setproctitle=no
ac_cv_func_setsid=yes
ac_cv_func_sigprocmask=yes
ac_cv_func_snprintf=yes
ac_cv_func_srandom=yes
ac_cv_func_strcasecmp=yes
ac_cv_func_strdup=yes
ac_cv_func_strerror=yes
ac_cv_func_strtol=yes
ac_cv_func_strtoll=yes
ac_cv_func_strtoul=yes
ac_cv_func_strtoull=yes
ac_cv_func_sysconf=yes
ac_cv_func_syslog=yes
ac_cv_func_vsnprintf=yes
ac_cv_func_waitpid=yes
ac_cv_have_decl_fdatasync=yes
ac_cv_have_decl_snprintf=yes
ac_cv_have_decl_vsnprintf=yes
ac_cv_header_SupportDefs_h=no
ac_cv_header_crypt_h=yes
ac_cv_header_dld_h=no
ac_cv_header_endian_h=yes
ac_cv_header_fp_class_h=no
ac_cv_header_getopt_h=yes
ac_cv_header_ieeefp_h=no
ac_cv_header_inttypes_h=yes
ac_cv_header_kernel_OS_h=no
ac_cv_header_kernel_image_h=no
ac_cv_header_memory_h=yes
ac_cv_header_netinet_in_h=yes
ac_cv_header_netinet_tcp_h=yes
ac_cv_header_pwd_h=yes
ac_cv_header_stdc=yes
ac_cv_header_stdint_h=yes
ac_cv_header_stdlib_h=yes
ac_cv_header_string_h=yes
ac_cv_header_strings_h=yes
ac_cv_header_sys_ipc_h=yes
ac_cv_header_sys_pstat_h=no
ac_cv_header_sys_select_h=yes
ac_cv_header_sys_sem_h=yes
ac_cv_header_sys_shm_h=yes
ac_cv_header_sys_socket_h=yes
ac_cv_header_sys_stat_h=yes
ac_cv_header_sys_types_h=yes
ac_cv_header_sys_un_h=yes
ac_cv_header_syslog_h=yes
ac_cv_header_termios_h=yes
ac_cv_header_unistd_h=yes
ac_cv_header_zlib_h=yes
ac_cv_host=x86_64-unknown-linux-gnu
ac_cv_host_alias=x86_64-unknown-linux-gnu
ac_cv_lib_BSD_main=no
ac_cv_lib_IPC_main=no
ac_cv_lib_Judy_JudySetMemoryHelpers=yes
ac_cv_lib_PW_main=no
ac_cv_lib_bind___inet_ntoa=no
ac_cv_lib_bsd_main=no
ac_cv_lib_compat_main=no
ac_cv_lib_cygipc_shmget=no
ac_cv_lib_dl_main=yes
ac_cv_lib_dld_main=no
ac_cv_lib_gen_main=no
ac_cv_lib_ipc_main=no
ac_cv_lib_lc_main=no
ac_cv_lib_ld_main=no
ac_cv_lib_m_main=yes
ac_cv_lib_mm_mm_create=yes
ac_cv_lib_nsl_main=yes
ac_cv_lib_pthread_pthread_create=yes
ac_cv_lib_resolv_main=yes
ac_cv_lib_socket_main=no
ac_cv_lib_unix_main=no
ac_cv_lib_util_setproctitle=no
ac_cv_lib_z_inflate=yes
ac_cv_member_struct_tm_tm_zone=yes
ac_cv_objext=o
ac_cv_path_LD=/usr/bin/ld
ac_cv_path_PERL=/usr/bin/perl
ac_cv_path_TAR=/bin/tar
ac_cv_prog_AWK=gawk
ac_cv_prog_CPP='gcc -E'
ac_cv_prog_LORDER=lorder
ac_cv_prog_YACC='bison -y'
ac_cv_prog_ac_ct_CC=gcc
ac_cv_prog_ac_ct_RANLIB=ranlib
ac_cv_prog_ac_ct_STRIP=strip
ac_cv_prog_cc_g=yes
ac_cv_prog_cc_stdc=
ac_cv_prog_egrep='grep -E'
ac_cv_prog_gnu_ld=yes
ac_cv_search_crypt=-lcrypt
ac_cv_search_fdatasync='none required'
ac_cv_search_ftime='none required'
ac_cv_search_getopt_long='none required'
ac_cv_search_poll='none required'
ac_cv_sizeof_unsigned_long=8
ac_cv_struct_tm=time.h
ac_cv_sys_file_offset_bits=no
ac_cv_sys_large_files=no
ac_cv_sys_largefile_CC=no
ac_cv_sys_largefile_source=no
ac_cv_type_double=yes
ac_cv_type_int=yes
ac_cv_type_int64=no
ac_cv_type_int8=no
ac_cv_type_long=yes
ac_cv_type_short=yes
ac_cv_type_sig_atomic_t=yes
ac_cv_type_struct_cmsgcred=no
ac_cv_type_struct_fcred=no
ac_cv_type_struct_sockaddr_un=yes
ac_cv_type_struct_sockcred=no
ac_cv_type_uint64=no
ac_cv_type_uint8=no
ac_cv_type_union_semun=no
ac_cv_type_unsigned_long=yes
ac_cv_type_z_streamp=yes
pgac_cv_alignof_double=8
pgac_cv_alignof_int=4
pgac_cv_alignof_long=8
pgac_cv_alignof_short=2
pgac_cv_c_signed=yes
pgac_cv_check_docbook=no
pgac_cv_func_gettimeofday_1arg=no
pgac_cv_func_posix_signals=yes
pgac_cv_path_flex=/usr/bin/flex
pgac_cv_type_long_int_64=yes
pgac_cv_var_PS_STRINGS=no
pgac_cv_var_int_optreset=no
pgac_cv_var_int_timezone=yes

## ----------------- ##
## Output variables. ##
## ----------------- ##

ANT=''
AWK='gawk'
CC='gcc'
CFLAGS='-O0 -g'
COLLATEINDEX=''
CPP='gcc -E'
CPPFLAGS='  -I/home/shenlu/applications/tcq-tools/include'
DEFS='-DHAVE_CONFIG_H'
DOCBOOKSTYLE=''
ECHO_C=''
ECHO_N='-n'
ECHO_T=''
EGREP='grep -E'
ELF_SYS='true'
EXEEXT=''
FLEX='/usr/bin/flex'
FLEXFLAGS=''
GCC='yes'
HAVE_POSIX_SIGNALS='yes'
HPUXMATHLIB=''
INCLUDES=' -I/home/shenlu/applications/tcq-tools/include'
JADE=''
LD='/usr/bin/ld'
LDFLAGS='  -L/home/shenlu/applications/tcq-tools/lib -Wl,--rpath -Wl,/home/shenlu/applications/tcq-tools/lib'
LIBOBJS=''
LIBS='-lz -lcrypt -lcrypt -lpthread -lJudy -lmm -lresolv -lnsl -ldl -lm '
LN_S='ln -s'
LORDER='lorder'
LTLIBOBJS=''
MSGFMT=''
MSGMERGE=''
NSGMLS=''
OBJEXT='o'
PACKAGE_BUGREPORT='pgsql-bugs@postgresql.org'
PACKAGE_NAME='PostgreSQL'
PACKAGE_STRING='PostgreSQL 7.3.2'
PACKAGE_TARNAME='postgresql'
PACKAGE_VERSION='2.1'
PATH_SEPARATOR=':'
PERL='/usr/bin/perl'
PORTNAME='linux'
PYTHON=''
RANLIB='ranlib'
SGMLSPL=''
SHELL='/bin/bash'
STRIP='strip'
STRIP_SHARED_LIB='strip --strip-unneeded'
STRIP_STATIC_LIB='strip -x'
TAR='/bin/tar'
TAS=''
TCLSH=''
TCL_CONFIG_SH=''
TCL_LIBS=''
TCL_LIB_FILE=''
TCL_LIB_SPEC=''
TCL_SHARED_BUILD=''
TCL_SHLIB_LD_LIBS=''
TK_CONFIG_SH=''
TK_LIBS=''
TK_LIB_SPEC=''
TK_XINCLUDES=''
WANTED_LANGUAGES=''
XGETTEXT=''
YACC='bison -y'
YFLAGS=''
ac_ct_CC='gcc'
ac_ct_RANLIB='ranlib'
ac_ct_STRIP='strip'
autodepend='yes'
bindir='${exec_prefix}/bin'
build='x86_64-unknown-linux-gnu'
build_alias=''
build_cpu='x86_64'
build_os='linux-gnu'
build_vendor='unknown'
configure_args=''--enable-debug' '--enable-cassert' '--enable-depend' '--without-readline' '--prefix=/home/shenlu/applications/TelegraphCQ' '--with-includes=/home/shenlu/applications/tcq-tools/include' '--with-libraries=/home/shenlu/applications/tcq-tools/lib' 'CFLAGS=-O0''
datadir='${prefix}/share'
default_port='5432'
docdir='${prefix}/doc'
enable_debug='yes'
enable_nls='no'
enable_rpath='yes'
enable_shared='yes'
exec_prefix='${prefix}'
have_docbook='no'
host='x86_64-unknown-linux-gnu'
host_alias=''
host_cpu='x86_64'
host_os='linux-gnu'
host_vendor='unknown'
includedir='${prefix}/include'
infodir=''
krb_srvtab=''
ld_R_works=''
libdir='${exec_prefix}/lib'
libexecdir='${exec_prefix}/libexec'
localedir=''
localstatedir='${prefix}/var'
mandir='${prefix}/man'
oldincludedir='/usr/include'
perl_archlibexp=''
perl_embed_ldflags=''
perl_privlibexp=''
perl_useshrplib=''
prefix='/home/shenlu/applications/TelegraphCQ'
program_transform_name='s,x,x,'
python_configdir=''
python_execprefix=''
python_includespec=''
python_libspec=''
python_moduledir=''
python_moduleexecdir=''
python_prefix=''
python_version=''
sbindir='${exec_prefix}/sbin'
sharedstatedir='${prefix}/com'
sysconfdir='${prefix}/etc'
target_alias=''
vpath_build=''
with_gnu_ld='yes'
with_java='no'
with_krb4='no'
with_krb5='no'
with_openssl='no'
with_pam='no'
with_perl='no'
with_python='no'
with_tcl='no'
with_tk='no'

## ----------- ##
## confdefs.h. ##
## ----------- ##

#define ACCEPT_TYPE_ARG1 int
#define ACCEPT_TYPE_ARG2 struct sockaddr *
#define ACCEPT_TYPE_ARG3 socklen_t
#define ALIGNOF_DOUBLE 8
#define ALIGNOF_INT 4
#define ALIGNOF_LONG 8
#define ALIGNOF_SHORT 2
#define DEF_MAXBACKENDS 32
#define DEF_PGPORT 5432
#define DEF_PGPORT_STR "5432"
#define HAVE_ATEXIT 1
#define HAVE_CBRT 1
#define HAVE_CRYPT_H 1
#define HAVE_DECL_FDATASYNC 1
#define HAVE_DECL_SNPRINTF 1
#define HAVE_DECL_VSNPRINTF 1
#define HAVE_DLOPEN 1
#define HAVE_ENDIAN_H 1
#define HAVE_FCVT 1
#define HAVE_FDATASYNC 1
#define HAVE_FINITE 1
#define HAVE_FSEEKO 1
#define HAVE_FSEEKO 1
#define HAVE_GETHOSTNAME 1
#define HAVE_GETOPT_H 1
#define HAVE_GETOPT_LONG 1
#define HAVE_GETRUSAGE 1
#define HAVE_INET_ATON 1
#define HAVE_INTTYPES_H 1
#define HAVE_INT_TIMEZONE
#define HAVE_ISINF 1
#define HAVE_LIBDL 1
#define HAVE_LIBJUDY 1
#define HAVE_LIBM 1
#define HAVE_LIBMM 1
#define HAVE_LIBNSL 1
#define HAVE_LIBPTHREAD 1
#define HAVE_LIBRESOLV 1
#define HAVE_LIBZ 1
#define HAVE_LONG_INT_64
#define HAVE_MEMMOVE 1
#define HAVE_MEMORY_H 1
#define HAVE_NETINET_IN_H 1
#define HAVE_NETINET_TCP_H 1
#define HAVE_POSIX_SIGNALS
#define HAVE_PWD_H 1
#define HAVE_RANDOM 1
#define HAVE_RINT 1
#define HAVE_SETSID 1
#define HAVE_SIGPROCMASK 1
#define HAVE_SIGSETJMP 1
#define HAVE_SIG_ATOMIC_T 1
#define HAVE_SNPRINTF 1
#define HAVE_SRANDOM 1
#define HAVE_STDINT_H 1
#define HAVE_STDLIB_H 1
#define HAVE_STRCASECMP 1
#define HAVE_STRDUP 1
#define HAVE_STRERROR 1
#define HAVE_STRINGIZE 1
#define HAVE_STRINGS_H 1
#define HAVE_STRING_H 1
#define HAVE_STRTOL 1
#define HAVE_STRTOLL 1
#define HAVE_STRTOUL 1
#define HAVE_STRTOULL 1
#define HAVE_STRUCT_SOCKADDR_UN 1
#define HAVE_STRUCT_TM_TM_ZONE 1
#define HAVE_SYSCONF 1
#define HAVE_SYSLOG 1
#define HAVE_SYS_IPC_H 1
#define HAVE_SYS_SELECT_H 1
#define HAVE_SYS_SEM_H 1
#define HAVE_SYS_SHM_H 1
#define HAVE_SYS_SOCKET_H 1
#define HAVE_SYS_STAT_H 1
#define HAVE_SYS_TYPES_H 1
#define HAVE_SYS_UN_H 1
#define HAVE_TERMIOS_H 1
#define HAVE_TM_ZONE 1
#define HAVE_UNISTD_H 1
#define HAVE_VSNPRINTF 1
#define HAVE_WAITPID 1
#define INT64_FORMAT "%ld"
#define MAXIMUM_ALIGNOF 8
#define PACKAGE_BUGREPORT "pgsql-bugs@postgresql.org"
#define PACKAGE_NAME "PostgreSQL"
#define PACKAGE_STRING "PostgreSQL 7.3.2"
#define PACKAGE_TARNAME "postgresql"
#define PACKAGE_VERSION "7.3.2"
#define PG_KRB_SRVNAM "postgres"
#define PG_VERSION "2.1"
#define PG_VERSION_STR "PostgreSQL 2.1 on x86_64-unknown-linux-gnu, compiled by GCC gcc (Ubuntu 5.4.0-6ubuntu1~16.04.9) 5.4.0 20160609"
#define SIZEOF_DATUM 8
#define SIZEOF_UNSIGNED_LONG 8
#define STDC_HEADERS 1
#define USE_ASSERT_CHECKING 1
#define USE_SYSV_SEMAPHORES 1
#define USE_SYSV_SHARED_MEMORY 1

configure: exit 0
